{"/Users/Kimmiecub/Firebase Ecommerce App Pt. 2/luxe-store/src/App.tsx": {"path":"/Users/Kimmiecub/Firebase Ecommerce App Pt. 2/luxe-store/src/App.tsx","statementMap":{"0":{"start":{"line":1,"column":0},"end":{"line":1,"column":33}},"1":{"start":{"line":2,"column":0},"end":{"line":2,"column":73}},"2":{"start":{"line":3,"column":0},"end":{"line":3,"column":39}},"3":{"start":{"line":4,"column":0},"end":{"line":4,"column":59}},"4":{"start":{"line":5,"column":0},"end":{"line":5,"column":32}},"5":{"start":{"line":6,"column":0},"end":{"line":6,"column":60}},"6":{"start":{"line":7,"column":0},"end":{"line":7,"column":58}},"7":{"start":{"line":8,"column":0},"end":{"line":8,"column":51}},"8":{"start":{"line":9,"column":0},"end":{"line":9,"column":41}},"9":{"start":{"line":10,"column":0},"end":{"line":10,"column":57}},"10":{"start":{"line":11,"column":0},"end":{"line":11,"column":55}},"11":{"start":{"line":12,"column":0},"end":{"line":12,"column":49}},"12":{"start":{"line":15,"column":0},"end":{"line":15,"column":60}},"13":{"start":{"line":16,"column":0},"end":{"line":16,"column":40}},"14":{"start":{"line":17,"column":0},"end":{"line":17,"column":40}},"15":{"start":{"line":18,"column":0},"end":{"line":18,"column":48}},"16":{"start":{"line":19,"column":0},"end":{"line":19,"column":62}},"17":{"start":{"line":20,"column":0},"end":{"line":20,"column":48}},"18":{"start":{"line":21,"column":0},"end":{"line":21,"column":46}},"19":{"start":{"line":22,"column":0},"end":{"line":22,"column":44}},"20":{"start":{"line":24,"column":20},"end":{"line":31,"column":2}},"21":{"start":{"line":33,"column":24},"end":{"line":38,"column":null}},"22":{"start":{"line":34,"column":2},"end":{"line":37,"column":null}},"23":{"start":{"line":41,"column":29},"end":{"line":85,"column":1}},"24":{"start":{"line":42,"column":28},"end":{"line":42,"column":37}},"25":{"start":{"line":43,"column":34},"end":{"line":43,"column":44}},"26":{"start":{"line":45,"column":2},"end":{"line":47,"column":3}},"27":{"start":{"line":46,"column":4},"end":{"line":46,"column":31}},"28":{"start":{"line":50,"column":2},"end":{"line":58,"column":3}},"29":{"start":{"line":51,"column":4},"end":{"line":57,"column":6}},"30":{"start":{"line":61,"column":2},"end":{"line":84,"column":4}},"31":{"start":{"line":88,"column":2},"end":{"line":98,"column":4}},"32":{"start":{"line":101,"column":0},"end":{"line":101,"column":19}}},"fnMap":{"0":{"name":"(anonymous_1)","decl":{"start":{"line":33,"column":24},"end":{"line":33,"column":27}},"loc":{"start":{"line":34,"column":2},"end":{"line":37,"column":null}}},"1":{"name":"(anonymous_2)","decl":{"start":{"line":41,"column":29},"end":{"line":41,"column":32}},"loc":{"start":{"line":41,"column":34},"end":{"line":85,"column":1}}},"2":{"name":"App","decl":{"start":{"line":87,"column":9},"end":{"line":87,"column":12}},"loc":{"start":{"line":87,"column":12},"end":{"line":99,"column":1}}}},"branchMap":{"0":{"loc":{"start":{"line":45,"column":2},"end":{"line":47,"column":3}},"type":"if","locations":[{"start":{"line":45,"column":2},"end":{"line":47,"column":3}}]},"1":{"loc":{"start":{"line":50,"column":2},"end":{"line":58,"column":3}},"type":"if","locations":[{"start":{"line":50,"column":2},"end":{"line":58,"column":3}}]}},"s":{"0":0,"1":0,"2":0,"3":0,"4":0,"5":0,"6":0,"7":0,"8":0,"9":0,"10":0,"11":0,"12":0,"13":0,"14":0,"15":0,"16":0,"17":0,"18":0,"19":0,"20":0,"21":0,"22":0,"23":0,"24":0,"25":0,"26":0,"27":0,"28":0,"29":0,"30":0,"31":0,"32":0},"f":{"0":0,"1":0,"2":0},"b":{"0":[0],"1":[0]}}
,"/Users/Kimmiecub/Firebase Ecommerce App Pt. 2/luxe-store/src/login.tsx": {"path":"/Users/Kimmiecub/Firebase Ecommerce App Pt. 2/luxe-store/src/login.tsx","statementMap":{"0":{"start":{"line":1,"column":0},"end":{"line":1,"column":44}},"1":{"start":{"line":2,"column":0},"end":{"line":2,"column":59}},"2":{"start":{"line":4,"column":0},"end":{"line":4,"column":40}},"3":{"start":{"line":5,"column":0},"end":{"line":5,"column":49}},"4":{"start":{"line":6,"column":0},"end":{"line":6,"column":51}},"5":{"start":{"line":12,"column":36},"end":{"line":192,"column":1}},"6":{"start":{"line":13,"column":28},"end":{"line":13,"column":48}},"7":{"start":{"line":14,"column":34},"end":{"line":14,"column":54}},"8":{"start":{"line":15,"column":28},"end":{"line":15,"column":57}},"9":{"start":{"line":16,"column":32},"end":{"line":16,"column":47}},"10":{"start":{"line":17,"column":42},"end":{"line":17,"column":57}},"11":{"start":{"line":18,"column":27},"end":{"line":18,"column":36}},"12":{"start":{"line":19,"column":23},"end":{"line":19,"column":33}},"13":{"start":{"line":21,"column":23},"end":{"line":31,"column":3}},"14":{"start":{"line":22,"column":4},"end":{"line":25,"column":5}},"15":{"start":{"line":23,"column":6},"end":{"line":23,"column":44}},"16":{"start":{"line":24,"column":6},"end":{"line":24,"column":19}},"17":{"start":{"line":26,"column":4},"end":{"line":29,"column":5}},"18":{"start":{"line":27,"column":6},"end":{"line":27,"column":45}},"19":{"start":{"line":28,"column":6},"end":{"line":28,"column":19}},"20":{"start":{"line":30,"column":4},"end":{"line":30,"column":16}},"21":{"start":{"line":33,"column":26},"end":{"line":42,"column":3}},"22":{"start":{"line":34,"column":45},"end":{"line":40,"column":6}},"23":{"start":{"line":41,"column":4},"end":{"line":41,"column":63}},"24":{"start":{"line":44,"column":22},"end":{"line":65,"column":3}},"25":{"start":{"line":45,"column":4},"end":{"line":45,"column":23}},"26":{"start":{"line":46,"column":4},"end":{"line":46,"column":19}},"27":{"start":{"line":48,"column":4},"end":{"line":48,"column":32}},"28":{"start":{"line":48,"column":25},"end":{"line":48,"column":32}},"29":{"start":{"line":50,"column":4},"end":{"line":50,"column":21}},"30":{"start":{"line":51,"column":4},"end":{"line":64,"column":5}},"31":{"start":{"line":52,"column":6},"end":{"line":52,"column":62}},"32":{"start":{"line":53,"column":6},"end":{"line":53,"column":47}},"33":{"start":{"line":54,"column":6},"end":{"line":54,"column":19}},"34":{"start":{"line":55,"column":6},"end":{"line":55,"column":22}},"35":{"start":{"line":58,"column":28},"end":{"line":58,"column":48}},"36":{"start":{"line":59,"column":27},"end":{"line":59,"column":62}},"37":{"start":{"line":60,"column":6},"end":{"line":60,"column":29}},"38":{"start":{"line":61,"column":6},"end":{"line":61,"column":38}},"39":{"start":{"line":63,"column":6},"end":{"line":63,"column":24}},"40":{"start":{"line":67,"column":23},"end":{"line":76,"column":3}},"41":{"start":{"line":68,"column":4},"end":{"line":75,"column":5}},"42":{"start":{"line":69,"column":6},"end":{"line":69,"column":21}},"43":{"start":{"line":70,"column":6},"end":{"line":70,"column":53}},"44":{"start":{"line":72,"column":28},"end":{"line":72,"column":48}},"45":{"start":{"line":73,"column":6},"end":{"line":73,"column":41}},"46":{"start":{"line":74,"column":6},"end":{"line":74,"column":60}},"47":{"start":{"line":79,"column":2},"end":{"line":90,"column":3}},"48":{"start":{"line":80,"column":4},"end":{"line":89,"column":6}},"49":{"start":{"line":93,"column":2},"end":{"line":191,"column":4}},"50":{"start":{"line":107,"column":37},"end":{"line":107,"column":61}},"51":{"start":{"line":119,"column":39},"end":{"line":119,"column":66}},"52":{"start":{"line":125,"column":37},"end":{"line":125,"column":67}},"53":{"start":{"line":194,"column":0},"end":{"line":194,"column":21}}},"fnMap":{"0":{"name":"(anonymous_0)","decl":{"start":{"line":12,"column":36},"end":{"line":12,"column":37}},"loc":{"start":{"line":12,"column":65},"end":{"line":192,"column":1}}},"1":{"name":"(anonymous_1)","decl":{"start":{"line":21,"column":23},"end":{"line":21,"column":35}},"loc":{"start":{"line":21,"column":37},"end":{"line":31,"column":3}}},"2":{"name":"(anonymous_2)","decl":{"start":{"line":33,"column":26},"end":{"line":33,"column":27}},"loc":{"start":{"line":33,"column":51},"end":{"line":42,"column":3}}},"3":{"name":"(anonymous_3)","decl":{"start":{"line":44,"column":22},"end":{"line":44,"column":27}},"loc":{"start":{"line":44,"column":45},"end":{"line":65,"column":3}}},"4":{"name":"(anonymous_4)","decl":{"start":{"line":67,"column":23},"end":{"line":67,"column":28}},"loc":{"start":{"line":67,"column":34},"end":{"line":76,"column":3}}},"5":{"name":"(anonymous_5)","decl":{"start":{"line":107,"column":30},"end":{"line":107,"column":31}},"loc":{"start":{"line":107,"column":37},"end":{"line":107,"column":61}}},"6":{"name":"(anonymous_6)","decl":{"start":{"line":119,"column":32},"end":{"line":119,"column":33}},"loc":{"start":{"line":119,"column":39},"end":{"line":119,"column":66}}},"7":{"name":"(anonymous_7)","decl":{"start":{"line":125,"column":31},"end":{"line":125,"column":34}},"loc":{"start":{"line":125,"column":37},"end":{"line":125,"column":67}}}},"branchMap":{"0":{"loc":{"start":{"line":22,"column":4},"end":{"line":25,"column":5}},"type":"if","locations":[{"start":{"line":22,"column":4},"end":{"line":25,"column":5}}]},"1":{"loc":{"start":{"line":22,"column":8},"end":{"line":22,"column":27}},"type":"binary-expr","locations":[{"start":{"line":22,"column":8},"end":{"line":22,"column":14}},{"start":{"line":22,"column":18},"end":{"line":22,"column":27}}]},"2":{"loc":{"start":{"line":26,"column":4},"end":{"line":29,"column":5}},"type":"if","locations":[{"start":{"line":26,"column":4},"end":{"line":29,"column":5}}]},"3":{"loc":{"start":{"line":41,"column":11},"end":{"line":41,"column":62}},"type":"binary-expr","locations":[{"start":{"line":41,"column":11},"end":{"line":41,"column":25}},{"start":{"line":41,"column":29},"end":{"line":41,"column":62}}]},"4":{"loc":{"start":{"line":48,"column":4},"end":{"line":48,"column":32}},"type":"if","locations":[{"start":{"line":48,"column":4},"end":{"line":48,"column":32}}]},"5":{"loc":{"start":{"line":79,"column":2},"end":{"line":90,"column":3}},"type":"if","locations":[{"start":{"line":79,"column":2},"end":{"line":90,"column":3}}]},"6":{"loc":{"start":{"line":115,"column":28},"end":{"line":115,"column":62}},"type":"cond-expr","locations":[{"start":{"line":115,"column":43},"end":{"line":115,"column":49}},{"start":{"line":115,"column":52},"end":{"line":115,"column":62}}]},"7":{"loc":{"start":{"line":134,"column":32},"end":{"line":134,"column":67}},"type":"cond-expr","locations":[{"start":{"line":134,"column":42},"end":{"line":134,"column":55}},{"start":{"line":134,"column":58},"end":{"line":134,"column":67}}]},"8":{"loc":{"start":{"line":136,"column":33},"end":{"line":136,"column":50}},"type":"cond-expr","locations":[{"start":{"line":136,"column":43},"end":{"line":136,"column":46}},{"start":{"line":136,"column":49},"end":{"line":136,"column":50}}]},"9":{"loc":{"start":{"line":140,"column":23},"end":{"line":140,"column":55}},"type":"cond-expr","locations":[{"start":{"line":140,"column":38},"end":{"line":140,"column":43}},{"start":{"line":140,"column":46},"end":{"line":140,"column":55}}]},"10":{"loc":{"start":{"line":149,"column":19},"end":{"line":149,"column":54}},"type":"cond-expr","locations":[{"start":{"line":149,"column":29},"end":{"line":149,"column":44}},{"start":{"line":149,"column":47},"end":{"line":149,"column":54}}]},"11":{"loc":{"start":{"line":152,"column":15},"end":{"line":171,"column":null}},"type":"binary-expr","locations":[{"start":{"line":152,"column":15},"end":{"line":152,"column":20}},{"start":{"line":153,"column":16},"end":{"line":170,"column":null}}]},"12":{"loc":{"start":{"line":155,"column":19},"end":{"line":169,"column":null}},"type":"binary-expr","locations":[{"start":{"line":155,"column":19},"end":{"line":155,"column":52}},{"start":{"line":156,"column":20},"end":{"line":168,"column":null}}]}},"s":{"0":1,"1":1,"2":1,"3":1,"4":1,"5":1,"6":91,"7":91,"8":91,"9":91,"10":91,"11":91,"12":91,"13":91,"14":2,"15":0,"16":0,"17":2,"18":0,"19":0,"20":2,"21":91,"22":1,"23":1,"24":91,"25":2,"26":2,"27":2,"28":0,"29":2,"30":2,"31":2,"32":1,"33":1,"34":1,"35":1,"36":1,"37":1,"38":1,"39":2,"40":91,"41":0,"42":0,"43":0,"44":0,"45":0,"46":0,"47":91,"48":0,"49":91,"50":48,"51":35,"52":0,"53":1},"f":{"0":91,"1":2,"2":1,"3":2,"4":0,"5":48,"6":35,"7":0},"b":{"0":[0],"1":[2,2],"2":[0],"3":[1,1],"4":[0],"5":[0],"6":[0,91],"7":[2,89],"8":[2,89],"9":[0,91],"10":[2,89],"11":[91,1],"12":[1,0]}}
,"/Users/Kimmiecub/Firebase Ecommerce App Pt. 2/luxe-store/src/migrateProducts.ts": {"path":"/Users/Kimmiecub/Firebase Ecommerce App Pt. 2/luxe-store/src/migrateProducts.ts","statementMap":{"0":{"start":{"line":1,"column":0},"end":{"line":1,"column":65}},"1":{"start":{"line":2,"column":0},"end":{"line":2,"column":38}},"2":{"start":{"line":5,"column":34},"end":{"line":13,"column":1}},"3":{"start":{"line":6,"column":2},"end":{"line":12,"column":3}},"4":{"start":{"line":7,"column":26},"end":{"line":7,"column":67}},"5":{"start":{"line":8,"column":4},"end":{"line":8,"column":31}},"6":{"start":{"line":10,"column":4},"end":{"line":10,"column":64}},"7":{"start":{"line":11,"column":4},"end":{"line":11,"column":17}},"8":{"start":{"line":15,"column":42},"end":{"line":43,"column":1}},"9":{"start":{"line":18,"column":2},"end":{"line":42,"column":3}},"10":{"start":{"line":19,"column":4},"end":{"line":19,"column":66}},"11":{"start":{"line":20,"column":20},"end":{"line":20,"column":53}},"12":{"start":{"line":21,"column":4},"end":{"line":26,"column":5}},"13":{"start":{"line":22,"column":6},"end":{"line":24,"column":8}},"14":{"start":{"line":25,"column":6},"end":{"line":25,"column":13}},"15":{"start":{"line":27,"column":4},"end":{"line":27,"column":67}},"16":{"start":{"line":28,"column":4},"end":{"line":28,"column":57}},"17":{"start":{"line":29,"column":21},"end":{"line":35,"column":6}},"18":{"start":{"line":30,"column":6},"end":{"line":34,"column":9}},"19":{"start":{"line":36,"column":4},"end":{"line":36,"column":32}},"20":{"start":{"line":37,"column":4},"end":{"line":37,"column":55}},"21":{"start":{"line":38,"column":4},"end":{"line":38,"column":69}},"22":{"start":{"line":40,"column":4},"end":{"line":40,"column":48}},"23":{"start":{"line":41,"column":4},"end":{"line":41,"column":16}},"24":{"start":{"line":15,"column":13},"end":{"line":15,"column":42}},"25":{"start":{"line":45,"column":28},"end":{"line":54,"column":1}},"26":{"start":{"line":46,"column":2},"end":{"line":46,"column":50}},"27":{"start":{"line":47,"column":2},"end":{"line":53,"column":7}},"28":{"start":{"line":49,"column":6},"end":{"line":49,"column":53}},"29":{"start":{"line":52,"column":6},"end":{"line":52,"column":59}},"30":{"start":{"line":45,"column":13},"end":{"line":45,"column":28}}},"fnMap":{"0":{"name":"(anonymous_0)","decl":{"start":{"line":5,"column":34},"end":{"line":5,"column":39}},"loc":{"start":{"line":5,"column":63},"end":{"line":13,"column":1}}},"1":{"name":"(anonymous_1)","decl":{"start":{"line":15,"column":42},"end":{"line":15,"column":47}},"loc":{"start":{"line":17,"column":19},"end":{"line":43,"column":1}}},"2":{"name":"(anonymous_2)","decl":{"start":{"line":29,"column":34},"end":{"line":29,"column":39}},"loc":{"start":{"line":29,"column":52},"end":{"line":35,"column":5}}},"3":{"name":"(anonymous_3)","decl":{"start":{"line":45,"column":28},"end":{"line":45,"column":29}},"loc":{"start":{"line":45,"column":64},"end":{"line":54,"column":1}}},"4":{"name":"(anonymous_4)","decl":{"start":{"line":48,"column":10},"end":{"line":48,"column":13}},"loc":{"start":{"line":48,"column":15},"end":{"line":50,"column":5}}},"5":{"name":"(anonymous_5)","decl":{"start":{"line":51,"column":11},"end":{"line":51,"column":12}},"loc":{"start":{"line":51,"column":21},"end":{"line":53,"column":5}}}},"branchMap":{"0":{"loc":{"start":{"line":21,"column":4},"end":{"line":26,"column":5}},"type":"if","locations":[{"start":{"line":21,"column":4},"end":{"line":26,"column":5}}]}},"s":{"0":0,"1":0,"2":0,"3":0,"4":0,"5":0,"6":0,"7":0,"8":0,"9":0,"10":0,"11":0,"12":0,"13":0,"14":0,"15":0,"16":0,"17":0,"18":0,"19":0,"20":0,"21":0,"22":0,"23":0,"24":0,"25":0,"26":0,"27":0,"28":0,"29":0,"30":0},"f":{"0":0,"1":0,"2":0,"3":0,"4":0,"5":0},"b":{"0":[0]}}
,"/Users/Kimmiecub/Firebase Ecommerce App Pt. 2/luxe-store/src/AdminDashboard/OrderHistory.tsx": {"path":"/Users/Kimmiecub/Firebase Ecommerce App Pt. 2/luxe-store/src/AdminDashboard/OrderHistory.tsx","statementMap":{"0":{"start":{"line":1,"column":0},"end":{"line":1,"column":51}},"1":{"start":{"line":2,"column":0},"end":{"line":2,"column":50}},"2":{"start":{"line":3,"column":0},"end":{"line":3,"column":80}},"3":{"start":{"line":4,"column":0},"end":{"line":4,"column":39}},"4":{"start":{"line":38,"column":50},"end":{"line":382,"column":1}},"5":{"start":{"line":39,"column":19},"end":{"line":39,"column":28}},"6":{"start":{"line":40,"column":30},"end":{"line":40,"column":51}},"7":{"start":{"line":41,"column":32},"end":{"line":41,"column":46}},"8":{"start":{"line":42,"column":28},"end":{"line":42,"column":48}},"9":{"start":{"line":43,"column":44},"end":{"line":43,"column":59}},"10":{"start":{"line":45,"column":2},"end":{"line":97,"column":13}},"11":{"start":{"line":46,"column":24},"end":{"line":94,"column":5}},"12":{"start":{"line":47,"column":6},"end":{"line":51,"column":7}},"13":{"start":{"line":48,"column":8},"end":{"line":48,"column":54}},"14":{"start":{"line":49,"column":8},"end":{"line":49,"column":26}},"15":{"start":{"line":50,"column":8},"end":{"line":50,"column":15}},"16":{"start":{"line":53,"column":6},"end":{"line":93,"column":7}},"17":{"start":{"line":54,"column":26},"end":{"line":54,"column":50}},"18":{"start":{"line":55,"column":18},"end":{"line":58,"column":null}},"19":{"start":{"line":61,"column":30},"end":{"line":61,"column":46}},"20":{"start":{"line":62,"column":27},"end":{"line":69,"column":21}},"21":{"start":{"line":63,"column":23},"end":{"line":63,"column":33}},"22":{"start":{"line":64,"column":10},"end":{"line":68,"column":12}},"23":{"start":{"line":71,"column":8},"end":{"line":71,"column":30}},"24":{"start":{"line":73,"column":20},"end":{"line":73,"column":52}},"25":{"start":{"line":74,"column":29},"end":{"line":74,"column":76}},"26":{"start":{"line":77,"column":8},"end":{"line":88,"column":9}},"27":{"start":{"line":78,"column":10},"end":{"line":78,"column":69}},"28":{"start":{"line":79,"column":15},"end":{"line":88,"column":9}},"29":{"start":{"line":80,"column":10},"end":{"line":80,"column":33}},"30":{"start":{"line":81,"column":10},"end":{"line":83,"column":12}},"31":{"start":{"line":84,"column":15},"end":{"line":88,"column":9}},"32":{"start":{"line":85,"column":10},"end":{"line":85,"column":79}},"33":{"start":{"line":87,"column":10},"end":{"line":87,"column":33}},"34":{"start":{"line":90,"column":8},"end":{"line":90,"column":49}},"35":{"start":{"line":92,"column":8},"end":{"line":92,"column":26}},"36":{"start":{"line":96,"column":4},"end":{"line":96,"column":18}},"37":{"start":{"line":99,"column":30},"end":{"line":108,"column":3}},"38":{"start":{"line":100,"column":20},"end":{"line":106,"column":6}},"39":{"start":{"line":107,"column":4},"end":{"line":107,"column":56}},"40":{"start":{"line":110,"column":23},"end":{"line":117,"column":3}},"41":{"start":{"line":111,"column":4},"end":{"line":116,"column":5}},"42":{"start":{"line":112,"column":6},"end":{"line":112,"column":17}},"43":{"start":{"line":115,"column":6},"end":{"line":115,"column":33}},"44":{"start":{"line":121,"column":29},"end":{"line":127,"column":3}},"45":{"start":{"line":122,"column":43},"end":{"line":123,"column":null}},"46":{"start":{"line":123,"column":13},"end":{"line":123,"column":29}},"47":{"start":{"line":126,"column":4},"end":{"line":126,"column":73}},"48":{"start":{"line":129,"column":2},"end":{"line":138,"column":3}},"49":{"start":{"line":130,"column":4},"end":{"line":137,"column":6}},"50":{"start":{"line":140,"column":2},"end":{"line":167,"column":3}},"51":{"start":{"line":141,"column":4},"end":{"line":166,"column":6}},"52":{"start":{"line":158,"column":29},"end":{"line":158,"column":53}},"53":{"start":{"line":169,"column":2},"end":{"line":176,"column":3}},"54":{"start":{"line":170,"column":4},"end":{"line":175,"column":6}},"55":{"start":{"line":178,"column":2},"end":{"line":193,"column":3}},"56":{"start":{"line":179,"column":4},"end":{"line":192,"column":6}},"57":{"start":{"line":195,"column":2},"end":{"line":381,"column":4}},"58":{"start":{"line":214,"column":47},"end":{"line":214,"column":64}},"59":{"start":{"line":227,"column":27},"end":{"line":227,"column":78}},"60":{"start":{"line":240,"column":10},"end":{"line":240,"column":30}},"61":{"start":{"line":285,"column":20},"end":{"line":286,"column":null}},"62":{"start":{"line":384,"column":0},"end":{"line":384,"column":28}}},"fnMap":{"0":{"name":"(anonymous_0)","decl":{"start":{"line":38,"column":50},"end":{"line":38,"column":51}},"loc":{"start":{"line":38,"column":67},"end":{"line":382,"column":1}}},"1":{"name":"(anonymous_1)","decl":{"start":{"line":45,"column":12},"end":{"line":45,"column":15}},"loc":{"start":{"line":45,"column":17},"end":{"line":97,"column":3}}},"2":{"name":"(anonymous_2)","decl":{"start":{"line":46,"column":24},"end":{"line":46,"column":29}},"loc":{"start":{"line":46,"column":35},"end":{"line":94,"column":5}}},"3":{"name":"(anonymous_3)","decl":{"start":{"line":62,"column":50},"end":{"line":62,"column":51}},"loc":{"start":{"line":62,"column":58},"end":{"line":69,"column":9}}},"4":{"name":"(anonymous_4)","decl":{"start":{"line":99,"column":30},"end":{"line":99,"column":31}},"loc":{"start":{"line":99,"column":58},"end":{"line":108,"column":3}}},"5":{"name":"(anonymous_5)","decl":{"start":{"line":110,"column":23},"end":{"line":110,"column":26}},"loc":{"start":{"line":110,"column":28},"end":{"line":117,"column":3}}},"6":{"name":"(anonymous_6)","decl":{"start":{"line":121,"column":29},"end":{"line":121,"column":30}},"loc":{"start":{"line":121,"column":68},"end":{"line":127,"column":3}}},"7":{"name":"(anonymous_7)","decl":{"start":{"line":123,"column":6},"end":{"line":123,"column":7}},"loc":{"start":{"line":123,"column":13},"end":{"line":123,"column":29}}},"8":{"name":"(anonymous_8)","decl":{"start":{"line":158,"column":23},"end":{"line":158,"column":26}},"loc":{"start":{"line":158,"column":29},"end":{"line":158,"column":53}}},"9":{"name":"(anonymous_9)","decl":{"start":{"line":214,"column":31},"end":{"line":214,"column":32}},"loc":{"start":{"line":214,"column":47},"end":{"line":214,"column":64}}},"10":{"name":"(anonymous_10)","decl":{"start":{"line":227,"column":20},"end":{"line":227,"column":21}},"loc":{"start":{"line":227,"column":27},"end":{"line":227,"column":78}}},"11":{"name":"(anonymous_11)","decl":{"start":{"line":239,"column":20},"end":{"line":239,"column":21}},"loc":{"start":{"line":240,"column":10},"end":{"line":240,"column":30}}},"12":{"name":"(anonymous_12)","decl":{"start":{"line":284,"column":35},"end":{"line":284,"column":36}},"loc":{"start":{"line":285,"column":20},"end":{"line":286,"column":null}}}},"branchMap":{"0":{"loc":{"start":{"line":47,"column":6},"end":{"line":51,"column":7}},"type":"if","locations":[{"start":{"line":47,"column":6},"end":{"line":51,"column":7}}]},"1":{"loc":{"start":{"line":67,"column":23},"end":{"line":67,"column":61}},"type":"binary-expr","locations":[{"start":{"line":67,"column":23},"end":{"line":67,"column":47}},{"start":{"line":67,"column":51},"end":{"line":67,"column":61}}]},"2":{"loc":{"start":{"line":74,"column":36},"end":{"line":74,"column":75}},"type":"binary-expr","locations":[{"start":{"line":74,"column":36},"end":{"line":74,"column":48}},{"start":{"line":74,"column":52},"end":{"line":74,"column":75}}]},"3":{"loc":{"start":{"line":77,"column":8},"end":{"line":88,"column":9}},"type":"if","locations":[{"start":{"line":77,"column":8},"end":{"line":88,"column":9}},{"start":{"line":79,"column":15},"end":{"line":88,"column":9}}]},"4":{"loc":{"start":{"line":79,"column":15},"end":{"line":88,"column":9}},"type":"if","locations":[{"start":{"line":79,"column":15},"end":{"line":88,"column":9}},{"start":{"line":84,"column":15},"end":{"line":88,"column":9}}]},"5":{"loc":{"start":{"line":84,"column":15},"end":{"line":88,"column":9}},"type":"if","locations":[{"start":{"line":84,"column":15},"end":{"line":88,"column":9}},{"start":{"line":86,"column":15},"end":{"line":88,"column":9}}]},"6":{"loc":{"start":{"line":107,"column":11},"end":{"line":107,"column":55}},"type":"binary-expr","locations":[{"start":{"line":107,"column":11},"end":{"line":107,"column":26}},{"start":{"line":107,"column":30},"end":{"line":107,"column":55}}]},"7":{"loc":{"start":{"line":111,"column":4},"end":{"line":116,"column":5}},"type":"if","locations":[{"start":{"line":111,"column":4},"end":{"line":116,"column":5}},{"start":{"line":113,"column":11},"end":{"line":116,"column":5}}]},"8":{"loc":{"start":{"line":129,"column":2},"end":{"line":138,"column":3}},"type":"if","locations":[{"start":{"line":129,"column":2},"end":{"line":138,"column":3}}]},"9":{"loc":{"start":{"line":140,"column":2},"end":{"line":167,"column":3}},"type":"if","locations":[{"start":{"line":140,"column":2},"end":{"line":167,"column":3}}]},"10":{"loc":{"start":{"line":169,"column":2},"end":{"line":176,"column":3}},"type":"if","locations":[{"start":{"line":169,"column":2},"end":{"line":176,"column":3}}]},"11":{"loc":{"start":{"line":178,"column":2},"end":{"line":193,"column":3}},"type":"if","locations":[{"start":{"line":178,"column":2},"end":{"line":193,"column":3}}]},"12":{"loc":{"start":{"line":227,"column":27},"end":{"line":227,"column":78}},"type":"binary-expr","locations":[{"start":{"line":227,"column":27},"end":{"line":227,"column":52}},{"start":{"line":227,"column":56},"end":{"line":227,"column":78}}]}},"s":{"0":0,"1":0,"2":0,"3":0,"4":0,"5":0,"6":0,"7":0,"8":0,"9":0,"10":0,"11":0,"12":0,"13":0,"14":0,"15":0,"16":0,"17":0,"18":0,"19":0,"20":0,"21":0,"22":0,"23":0,"24":0,"25":0,"26":0,"27":0,"28":0,"29":0,"30":0,"31":0,"32":0,"33":0,"34":0,"35":0,"36":0,"37":0,"38":0,"39":0,"40":0,"41":0,"42":0,"43":0,"44":0,"45":0,"46":0,"47":0,"48":0,"49":0,"50":0,"51":0,"52":0,"53":0,"54":0,"55":0,"56":0,"57":0,"58":0,"59":0,"60":0,"61":0,"62":0},"f":{"0":0,"1":0,"2":0,"3":0,"4":0,"5":0,"6":0,"7":0,"8":0,"9":0,"10":0,"11":0,"12":0},"b":{"0":[0],"1":[0,0],"2":[0,0],"3":[0,0],"4":[0,0],"5":[0,0],"6":[0,0],"7":[0,0],"8":[0],"9":[0],"10":[0],"11":[0],"12":[0,0]}}
,"/Users/Kimmiecub/Firebase Ecommerce App Pt. 2/luxe-store/src/AdminDashboard/ProductManagement.tsx": {"path":"/Users/Kimmiecub/Firebase Ecommerce App Pt. 2/luxe-store/src/AdminDashboard/ProductManagement.tsx","statementMap":{"0":{"start":{"line":1,"column":0},"end":{"line":1,"column":64}},"1":{"start":{"line":2,"column":0},"end":{"line":2,"column":null}},"2":{"start":{"line":10,"column":0},"end":{"line":10,"column":39}},"3":{"start":{"line":11,"column":0},"end":{"line":11,"column":52}},"4":{"start":{"line":12,"column":0},"end":{"line":12,"column":50}},"5":{"start":{"line":13,"column":0},"end":{"line":13,"column":52}},"6":{"start":{"line":14,"column":0},"end":{"line":14,"column":54}},"7":{"start":{"line":19,"column":2},"end":{"line":19,"column":58}},"8":{"start":{"line":21,"column":36},"end":{"line":565,"column":1}},"9":{"start":{"line":22,"column":34},"end":{"line":22,"column":57}},"10":{"start":{"line":23,"column":32},"end":{"line":23,"column":47}},"11":{"start":{"line":24,"column":34},"end":{"line":24,"column":49}},"12":{"start":{"line":25,"column":36},"end":{"line":25,"column":65}},"13":{"start":{"line":26,"column":50},"end":{"line":26,"column":70}},"14":{"start":{"line":27,"column":32},"end":{"line":27,"column":47}},"15":{"start":{"line":28,"column":44},"end":{"line":28,"column":58}},"16":{"start":{"line":29,"column":34},"end":{"line":34,"column":4}},"17":{"start":{"line":36,"column":23},"end":{"line":36,"column":33}},"18":{"start":{"line":37,"column":19},"end":{"line":37,"column":28}},"19":{"start":{"line":40,"column":2},"end":{"line":60,"column":13}},"20":{"start":{"line":41,"column":23},"end":{"line":57,"column":5}},"21":{"start":{"line":42,"column":6},"end":{"line":46,"column":7}},"22":{"start":{"line":43,"column":8},"end":{"line":43,"column":26}},"23":{"start":{"line":44,"column":8},"end":{"line":44,"column":32}},"24":{"start":{"line":45,"column":8},"end":{"line":45,"column":15}},"25":{"start":{"line":48,"column":6},"end":{"line":56,"column":7}},"26":{"start":{"line":49,"column":28},"end":{"line":49,"column":55}},"27":{"start":{"line":50,"column":8},"end":{"line":50,"column":32}},"28":{"start":{"line":52,"column":8},"end":{"line":52,"column":61}},"29":{"start":{"line":53,"column":8},"end":{"line":53,"column":26}},"30":{"start":{"line":55,"column":8},"end":{"line":55,"column":32}},"31":{"start":{"line":59,"column":4},"end":{"line":59,"column":17}},"32":{"start":{"line":62,"column":24},"end":{"line":77,"column":16}},"33":{"start":{"line":63,"column":4},"end":{"line":63,"column":21}},"34":{"start":{"line":64,"column":4},"end":{"line":76,"column":5}},"35":{"start":{"line":65,"column":28},"end":{"line":65,"column":69}},"36":{"start":{"line":66,"column":27},"end":{"line":69,"column":22}},"37":{"start":{"line":66,"column":60},"end":{"line":69,"column":8}},"38":{"start":{"line":70,"column":6},"end":{"line":70,"column":32}},"39":{"start":{"line":72,"column":6},"end":{"line":72,"column":55}},"40":{"start":{"line":73,"column":6},"end":{"line":73,"column":51}},"41":{"start":{"line":75,"column":6},"end":{"line":75,"column":24}},"42":{"start":{"line":79,"column":27},"end":{"line":127,"column":3}},"43":{"start":{"line":80,"column":4},"end":{"line":80,"column":23}},"44":{"start":{"line":81,"column":4},"end":{"line":81,"column":58}},"45":{"start":{"line":82,"column":4},"end":{"line":82,"column":21}},"46":{"start":{"line":83,"column":4},"end":{"line":126,"column":5}},"47":{"start":{"line":84,"column":6},"end":{"line":84,"column":49}},"48":{"start":{"line":85,"column":6},"end":{"line":95,"column":9}},"49":{"start":{"line":97,"column":21},"end":{"line":107,"column":8}},"50":{"start":{"line":109,"column":6},"end":{"line":109,"column":57}},"51":{"start":{"line":110,"column":6},"end":{"line":110,"column":57}},"52":{"start":{"line":111,"column":6},"end":{"line":111,"column":75}},"53":{"start":{"line":112,"column":6},"end":{"line":112,"column":25}},"54":{"start":{"line":113,"column":6},"end":{"line":113,"column":28}},"55":{"start":{"line":115,"column":18},"end":{"line":115,"column":62}},"56":{"start":{"line":116,"column":6},"end":{"line":116,"column":54}},"57":{"start":{"line":117,"column":6},"end":{"line":117,"column":48}},"58":{"start":{"line":118,"column":6},"end":{"line":118,"column":54}},"59":{"start":{"line":119,"column":6},"end":{"line":119,"column":69}},"60":{"start":{"line":120,"column":6},"end":{"line":123,"column":8}},"61":{"start":{"line":125,"column":6},"end":{"line":125,"column":24}},"62":{"start":{"line":129,"column":30},"end":{"line":162,"column":3}},"63":{"start":{"line":130,"column":4},"end":{"line":130,"column":23}},"64":{"start":{"line":131,"column":4},"end":{"line":131,"column":27}},"65":{"start":{"line":131,"column":20},"end":{"line":131,"column":27}},"66":{"start":{"line":133,"column":4},"end":{"line":133,"column":75}},"67":{"start":{"line":134,"column":4},"end":{"line":134,"column":21}},"68":{"start":{"line":135,"column":4},"end":{"line":161,"column":5}},"69":{"start":{"line":136,"column":6},"end":{"line":142,"column":9}},"70":{"start":{"line":144,"column":6},"end":{"line":144,"column":52}},"71":{"start":{"line":145,"column":6},"end":{"line":145,"column":59}},"72":{"start":{"line":146,"column":6},"end":{"line":146,"column":25}},"73":{"start":{"line":147,"column":6},"end":{"line":147,"column":75}},"74":{"start":{"line":148,"column":6},"end":{"line":148,"column":25}},"75":{"start":{"line":150,"column":28},"end":{"line":150,"column":69}},"76":{"start":{"line":151,"column":27},"end":{"line":154,"column":22}},"77":{"start":{"line":151,"column":60},"end":{"line":154,"column":8}},"78":{"start":{"line":155,"column":6},"end":{"line":155,"column":32}},"79":{"start":{"line":157,"column":6},"end":{"line":157,"column":56}},"80":{"start":{"line":158,"column":6},"end":{"line":158,"column":52}},"81":{"start":{"line":160,"column":6},"end":{"line":160,"column":24}},"82":{"start":{"line":164,"column":24},"end":{"line":178,"column":3}},"83":{"start":{"line":165,"column":4},"end":{"line":166,"column":13}},"84":{"start":{"line":166,"column":6},"end":{"line":166,"column":13}},"85":{"start":{"line":168,"column":4},"end":{"line":177,"column":5}},"86":{"start":{"line":169,"column":21},"end":{"line":169,"column":44}},"87":{"start":{"line":170,"column":6},"end":{"line":170,"column":30}},"88":{"start":{"line":172,"column":6},"end":{"line":172,"column":73}},"89":{"start":{"line":172,"column":28},"end":{"line":172,"column":71}},"90":{"start":{"line":172,"column":53},"end":{"line":172,"column":70}},"91":{"start":{"line":173,"column":6},"end":{"line":173,"column":59}},"92":{"start":{"line":175,"column":6},"end":{"line":175,"column":54}},"93":{"start":{"line":176,"column":6},"end":{"line":176,"column":52}},"94":{"start":{"line":180,"column":21},"end":{"line":189,"column":3}},"95":{"start":{"line":181,"column":4},"end":{"line":181,"column":29}},"96":{"start":{"line":182,"column":4},"end":{"line":187,"column":7}},"97":{"start":{"line":188,"column":4},"end":{"line":188,"column":22}},"98":{"start":{"line":191,"column":26},"end":{"line":200,"column":3}},"99":{"start":{"line":192,"column":4},"end":{"line":192,"column":23}},"100":{"start":{"line":193,"column":4},"end":{"line":193,"column":23}},"101":{"start":{"line":194,"column":4},"end":{"line":199,"column":7}},"102":{"start":{"line":202,"column":27},"end":{"line":218,"column":3}},"103":{"start":{"line":207,"column":34},"end":{"line":207,"column":42}},"104":{"start":{"line":209,"column":4},"end":{"line":217,"column":8}},"105":{"start":{"line":209,"column":27},"end":{"line":217,"column":6}},"106":{"start":{"line":220,"column":23},"end":{"line":227,"column":3}},"107":{"start":{"line":221,"column":4},"end":{"line":221,"column":23}},"108":{"start":{"line":222,"column":4},"end":{"line":226,"column":5}},"109":{"start":{"line":223,"column":6},"end":{"line":223,"column":35}},"110":{"start":{"line":225,"column":6},"end":{"line":225,"column":32}},"111":{"start":{"line":229,"column":2},"end":{"line":231,"column":22}},"112":{"start":{"line":230,"column":4},"end":{"line":230,"column":20}},"113":{"start":{"line":233,"column":27},"end":{"line":235,"column":14}},"114":{"start":{"line":234,"column":35},"end":{"line":234,"column":72}},"115":{"start":{"line":237,"column":21},"end":{"line":237,"column":78}},"116":{"start":{"line":237,"column":59},"end":{"line":237,"column":75}},"117":{"start":{"line":239,"column":2},"end":{"line":250,"column":3}},"118":{"start":{"line":240,"column":4},"end":{"line":249,"column":6}},"119":{"start":{"line":252,"column":2},"end":{"line":266,"column":3}},"120":{"start":{"line":253,"column":4},"end":{"line":265,"column":6}},"121":{"start":{"line":268,"column":2},"end":{"line":279,"column":3}},"122":{"start":{"line":269,"column":4},"end":{"line":278,"column":6}},"123":{"start":{"line":281,"column":2},"end":{"line":564,"column":4}},"124":{"start":{"line":294,"column":31},"end":{"line":294,"column":48}},"125":{"start":{"line":313,"column":33},"end":{"line":313,"column":68}},"126":{"start":{"line":317,"column":18},"end":{"line":317,"column":41}},"127":{"start":{"line":498,"column":10},"end":{"line":498,"column":32}},"128":{"start":{"line":530,"column":37},"end":{"line":530,"column":56}},"129":{"start":{"line":536,"column":37},"end":{"line":536,"column":62}},"130":{"start":{"line":557,"column":61},"end":{"line":557,"column":78}},"131":{"start":{"line":567,"column":0},"end":{"line":567,"column":33}}},"fnMap":{"0":{"name":"(anonymous_1)","decl":{"start":{"line":21,"column":36},"end":{"line":21,"column":39}},"loc":{"start":{"line":21,"column":41},"end":{"line":565,"column":1}}},"1":{"name":"(anonymous_2)","decl":{"start":{"line":40,"column":12},"end":{"line":40,"column":15}},"loc":{"start":{"line":40,"column":17},"end":{"line":60,"column":3}}},"2":{"name":"(anonymous_3)","decl":{"start":{"line":41,"column":23},"end":{"line":41,"column":28}},"loc":{"start":{"line":41,"column":34},"end":{"line":57,"column":5}}},"3":{"name":"(anonymous_4)","decl":{"start":{"line":62,"column":36},"end":{"line":62,"column":41}},"loc":{"start":{"line":62,"column":47},"end":{"line":77,"column":3}}},"4":{"name":"(anonymous_5)","decl":{"start":{"line":66,"column":50},"end":{"line":66,"column":51}},"loc":{"start":{"line":66,"column":60},"end":{"line":69,"column":8}}},"5":{"name":"(anonymous_6)","decl":{"start":{"line":79,"column":27},"end":{"line":79,"column":32}},"loc":{"start":{"line":79,"column":56},"end":{"line":127,"column":3}}},"6":{"name":"(anonymous_7)","decl":{"start":{"line":129,"column":30},"end":{"line":129,"column":35}},"loc":{"start":{"line":129,"column":59},"end":{"line":162,"column":3}}},"7":{"name":"(anonymous_8)","decl":{"start":{"line":151,"column":50},"end":{"line":151,"column":51}},"loc":{"start":{"line":151,"column":60},"end":{"line":154,"column":8}}},"8":{"name":"(anonymous_9)","decl":{"start":{"line":164,"column":24},"end":{"line":164,"column":29}},"loc":{"start":{"line":164,"column":45},"end":{"line":178,"column":3}}},"9":{"name":"(anonymous_10)","decl":{"start":{"line":172,"column":18},"end":{"line":172,"column":19}},"loc":{"start":{"line":172,"column":28},"end":{"line":172,"column":71}}},"10":{"name":"(anonymous_11)","decl":{"start":{"line":172,"column":40},"end":{"line":172,"column":41}},"loc":{"start":{"line":172,"column":53},"end":{"line":172,"column":70}}},"11":{"name":"(anonymous_12)","decl":{"start":{"line":180,"column":21},"end":{"line":180,"column":22}},"loc":{"start":{"line":180,"column":42},"end":{"line":189,"column":3}}},"12":{"name":"(anonymous_13)","decl":{"start":{"line":191,"column":26},"end":{"line":191,"column":29}},"loc":{"start":{"line":191,"column":31},"end":{"line":200,"column":3}}},"13":{"name":"(anonymous_14)","decl":{"start":{"line":202,"column":27},"end":{"line":202,"column":null}},"loc":{"start":{"line":206,"column":6},"end":{"line":218,"column":3}}},"14":{"name":"(anonymous_15)","decl":{"start":{"line":209,"column":16},"end":{"line":209,"column":17}},"loc":{"start":{"line":209,"column":27},"end":{"line":217,"column":6}}},"15":{"name":"(anonymous_16)","decl":{"start":{"line":220,"column":23},"end":{"line":220,"column":28}},"loc":{"start":{"line":220,"column":52},"end":{"line":227,"column":3}}},"16":{"name":"(anonymous_17)","decl":{"start":{"line":229,"column":12},"end":{"line":229,"column":15}},"loc":{"start":{"line":229,"column":17},"end":{"line":231,"column":3}}},"17":{"name":"(anonymous_18)","decl":{"start":{"line":234,"column":22},"end":{"line":234,"column":23}},"loc":{"start":{"line":234,"column":35},"end":{"line":234,"column":72}}},"18":{"name":"(anonymous_19)","decl":{"start":{"line":237,"column":46},"end":{"line":237,"column":47}},"loc":{"start":{"line":237,"column":59},"end":{"line":237,"column":75}}},"19":{"name":"(anonymous_20)","decl":{"start":{"line":294,"column":25},"end":{"line":294,"column":28}},"loc":{"start":{"line":294,"column":31},"end":{"line":294,"column":48}}},"20":{"name":"(anonymous_21)","decl":{"start":{"line":313,"column":26},"end":{"line":313,"column":27}},"loc":{"start":{"line":313,"column":33},"end":{"line":313,"column":68}}},"21":{"name":"(anonymous_22)","decl":{"start":{"line":316,"column":32},"end":{"line":316,"column":33}},"loc":{"start":{"line":317,"column":18},"end":{"line":317,"column":41}}},"22":{"name":"(anonymous_23)","decl":{"start":{"line":497,"column":30},"end":{"line":497,"column":31}},"loc":{"start":{"line":498,"column":10},"end":{"line":498,"column":32}}},"23":{"name":"(anonymous_24)","decl":{"start":{"line":530,"column":31},"end":{"line":530,"column":34}},"loc":{"start":{"line":530,"column":37},"end":{"line":530,"column":56}}},"24":{"name":"(anonymous_25)","decl":{"start":{"line":536,"column":31},"end":{"line":536,"column":34}},"loc":{"start":{"line":536,"column":37},"end":{"line":536,"column":62}}},"25":{"name":"(anonymous_26)","decl":{"start":{"line":557,"column":55},"end":{"line":557,"column":58}},"loc":{"start":{"line":557,"column":61},"end":{"line":557,"column":78}}}},"branchMap":{"0":{"loc":{"start":{"line":42,"column":6},"end":{"line":46,"column":7}},"type":"if","locations":[{"start":{"line":42,"column":6},"end":{"line":46,"column":7}}]},"1":{"loc":{"start":{"line":121,"column":34},"end":{"line":121,"column":65}},"type":"binary-expr","locations":[{"start":{"line":121,"column":34},"end":{"line":121,"column":46}},{"start":{"line":121,"column":50},"end":{"line":121,"column":65}}]},"2":{"loc":{"start":{"line":131,"column":4},"end":{"line":131,"column":27}},"type":"if","locations":[{"start":{"line":131,"column":4},"end":{"line":131,"column":27}}]},"3":{"loc":{"start":{"line":165,"column":4},"end":{"line":166,"column":13}},"type":"if","locations":[{"start":{"line":165,"column":4},"end":{"line":166,"column":13}}]},"4":{"loc":{"start":{"line":212,"column":8},"end":{"line":216,"column":17}},"type":"cond-expr","locations":[{"start":{"line":213,"column":13},"end":{"line":213,"column":50}},{"start":{"line":214,"column":12},"end":{"line":216,"column":17}}]},"5":{"loc":{"start":{"line":214,"column":12},"end":{"line":216,"column":17}},"type":"cond-expr","locations":[{"start":{"line":215,"column":12},"end":{"line":215,"column":34}},{"start":{"line":216,"column":12},"end":{"line":216,"column":17}}]},"6":{"loc":{"start":{"line":215,"column":12},"end":{"line":215,"column":34}},"type":"binary-expr","locations":[{"start":{"line":215,"column":12},"end":{"line":215,"column":29}},{"start":{"line":215,"column":33},"end":{"line":215,"column":34}}]},"7":{"loc":{"start":{"line":222,"column":4},"end":{"line":226,"column":5}},"type":"if","locations":[{"start":{"line":222,"column":4},"end":{"line":226,"column":5}},{"start":{"line":224,"column":11},"end":{"line":226,"column":5}}]},"8":{"loc":{"start":{"line":233,"column":27},"end":{"line":235,"column":14}},"type":"cond-expr","locations":[{"start":{"line":234,"column":6},"end":{"line":234,"column":73}},{"start":{"line":235,"column":6},"end":{"line":235,"column":14}}]},"9":{"loc":{"start":{"line":239,"column":2},"end":{"line":250,"column":3}},"type":"if","locations":[{"start":{"line":239,"column":2},"end":{"line":250,"column":3}}]},"10":{"loc":{"start":{"line":252,"column":2},"end":{"line":266,"column":3}},"type":"if","locations":[{"start":{"line":252,"column":2},"end":{"line":266,"column":3}}]},"11":{"loc":{"start":{"line":268,"column":2},"end":{"line":279,"column":3}},"type":"if","locations":[{"start":{"line":268,"column":2},"end":{"line":279,"column":3}}]},"12":{"loc":{"start":{"line":268,"column":6},"end":{"line":268,"column":38}},"type":"binary-expr","locations":[{"start":{"line":268,"column":6},"end":{"line":268,"column":13}},{"start":{"line":268,"column":17},"end":{"line":268,"column":38}}]},"13":{"loc":{"start":{"line":332,"column":7},"end":{"line":492,"column":null}},"type":"binary-expr","locations":[{"start":{"line":332,"column":7},"end":{"line":332,"column":15}},{"start":{"line":333,"column":8},"end":{"line":491,"column":null}}]},"14":{"loc":{"start":{"line":341,"column":19},"end":{"line":341,"column":65}},"type":"cond-expr","locations":[{"start":{"line":341,"column":31},"end":{"line":341,"column":45}},{"start":{"line":341,"column":48},"end":{"line":341,"column":65}}]},"15":{"loc":{"start":{"line":420,"column":23},"end":{"line":438,"column":null}},"type":"binary-expr","locations":[{"start":{"line":420,"column":23},"end":{"line":420,"column":40}},{"start":{"line":421,"column":24},"end":{"line":437,"column":null}}]},"16":{"loc":{"start":{"line":478,"column":26},"end":{"line":478,"column":null}},"type":"cond-expr","locations":[{"start":{"line":478,"column":38},"end":{"line":478,"column":55}},{"start":{"line":478,"column":58},"end":{"line":478,"column":null}}]},"17":{"loc":{"start":{"line":481,"column":23},"end":{"line":485,"column":42}},"type":"cond-expr","locations":[{"start":{"line":482,"column":26},"end":{"line":482,"column":37}},{"start":{"line":483,"column":26},"end":{"line":485,"column":42}}]},"18":{"loc":{"start":{"line":483,"column":26},"end":{"line":485,"column":42}},"type":"cond-expr","locations":[{"start":{"line":484,"column":26},"end":{"line":484,"column":42}},{"start":{"line":485,"column":26},"end":{"line":485,"column":42}}]},"19":{"loc":{"start":{"line":548,"column":7},"end":{"line":561,"column":null}},"type":"binary-expr","locations":[{"start":{"line":548,"column":7},"end":{"line":548,"column":36}},{"start":{"line":548,"column":40},"end":{"line":548,"column":48}},{"start":{"line":549,"column":8},"end":{"line":560,"column":null}}]},"20":{"loc":{"start":{"line":553,"column":13},"end":{"line":555,"column":52}},"type":"cond-expr","locations":[{"start":{"line":554,"column":16},"end":{"line":554,"column":63}},{"start":{"line":555,"column":16},"end":{"line":555,"column":52}}]}},"s":{"0":0,"1":0,"2":0,"3":0,"4":0,"5":0,"6":0,"7":0,"8":0,"9":0,"10":0,"11":0,"12":0,"13":0,"14":0,"15":0,"16":0,"17":0,"18":0,"19":0,"20":0,"21":0,"22":0,"23":0,"24":0,"25":0,"26":0,"27":0,"28":0,"29":0,"30":0,"31":0,"32":0,"33":0,"34":0,"35":0,"36":0,"37":0,"38":0,"39":0,"40":0,"41":0,"42":0,"43":0,"44":0,"45":0,"46":0,"47":0,"48":0,"49":0,"50":0,"51":0,"52":0,"53":0,"54":0,"55":0,"56":0,"57":0,"58":0,"59":0,"60":0,"61":0,"62":0,"63":0,"64":0,"65":0,"66":0,"67":0,"68":0,"69":0,"70":0,"71":0,"72":0,"73":0,"74":0,"75":0,"76":0,"77":0,"78":0,"79":0,"80":0,"81":0,"82":0,"83":0,"84":0,"85":0,"86":0,"87":0,"88":0,"89":0,"90":0,"91":0,"92":0,"93":0,"94":0,"95":0,"96":0,"97":0,"98":0,"99":0,"100":0,"101":0,"102":0,"103":0,"104":0,"105":0,"106":0,"107":0,"108":0,"109":0,"110":0,"111":0,"112":0,"113":0,"114":0,"115":0,"116":0,"117":0,"118":0,"119":0,"120":0,"121":0,"122":0,"123":0,"124":0,"125":0,"126":0,"127":0,"128":0,"129":0,"130":0,"131":0},"f":{"0":0,"1":0,"2":0,"3":0,"4":0,"5":0,"6":0,"7":0,"8":0,"9":0,"10":0,"11":0,"12":0,"13":0,"14":0,"15":0,"16":0,"17":0,"18":0,"19":0,"20":0,"21":0,"22":0,"23":0,"24":0,"25":0},"b":{"0":[0],"1":[0,0],"2":[0],"3":[0],"4":[0,0],"5":[0,0],"6":[0,0],"7":[0,0],"8":[0,0],"9":[0],"10":[0],"11":[0],"12":[0,0],"13":[0,0],"14":[0,0],"15":[0,0],"16":[0,0],"17":[0,0],"18":[0,0],"19":[0,0,0],"20":[0,0]}}
,"/Users/Kimmiecub/Firebase Ecommerce App Pt. 2/luxe-store/src/AdminDashboard/UserProfile.tsx": {"path":"/Users/Kimmiecub/Firebase Ecommerce App Pt. 2/luxe-store/src/AdminDashboard/UserProfile.tsx","statementMap":{"0":{"start":{"line":1,"column":0},"end":{"line":1,"column":51}},"1":{"start":{"line":2,"column":0},"end":{"line":2,"column":50}},"2":{"start":{"line":3,"column":0},"end":{"line":3,"column":null}},"3":{"start":{"line":8,"column":0},"end":{"line":8,"column":42}},"4":{"start":{"line":9,"column":0},"end":{"line":9,"column":null}},"5":{"start":{"line":20,"column":48},"end":{"line":538,"column":1}},"6":{"start":{"line":21,"column":19},"end":{"line":21,"column":28}},"7":{"start":{"line":22,"column":36},"end":{"line":22,"column":77}},"8":{"start":{"line":23,"column":40},"end":{"line":23,"column":78}},"9":{"start":{"line":24,"column":36},"end":{"line":24,"column":51}},"10":{"start":{"line":25,"column":32},"end":{"line":25,"column":46}},"11":{"start":{"line":26,"column":30},"end":{"line":26,"column":45}},"12":{"start":{"line":27,"column":34},"end":{"line":34,"column":4}},"13":{"start":{"line":37,"column":2},"end":{"line":62,"column":13}},"14":{"start":{"line":38,"column":25},"end":{"line":59,"column":5}},"15":{"start":{"line":39,"column":6},"end":{"line":39,"column":24}},"16":{"start":{"line":39,"column":17},"end":{"line":39,"column":24}},"17":{"start":{"line":41,"column":6},"end":{"line":58,"column":7}},"18":{"start":{"line":42,"column":24},"end":{"line":42,"column":54}},"19":{"start":{"line":43,"column":8},"end":{"line":53,"column":9}},"20":{"start":{"line":44,"column":10},"end":{"line":44,"column":34}},"21":{"start":{"line":45,"column":10},"end":{"line":52,"column":13}},"22":{"start":{"line":55,"column":8},"end":{"line":55,"column":56}},"23":{"start":{"line":57,"column":8},"end":{"line":57,"column":26}},"24":{"start":{"line":61,"column":4},"end":{"line":61,"column":19}},"25":{"start":{"line":64,"column":28},"end":{"line":67,"column":3}},"26":{"start":{"line":65,"column":28},"end":{"line":65,"column":36}},"27":{"start":{"line":66,"column":4},"end":{"line":66,"column":56}},"28":{"start":{"line":66,"column":27},"end":{"line":66,"column":53}},"29":{"start":{"line":69,"column":28},"end":{"line":109,"column":3}},"30":{"start":{"line":70,"column":4},"end":{"line":70,"column":22}},"31":{"start":{"line":70,"column":15},"end":{"line":70,"column":22}},"32":{"start":{"line":73,"column":4},"end":{"line":76,"column":5}},"33":{"start":{"line":74,"column":6},"end":{"line":74,"column":57}},"34":{"start":{"line":75,"column":6},"end":{"line":75,"column":13}},"35":{"start":{"line":78,"column":4},"end":{"line":78,"column":20}},"36":{"start":{"line":79,"column":4},"end":{"line":108,"column":5}},"37":{"start":{"line":80,"column":6},"end":{"line":80,"column":55}},"38":{"start":{"line":82,"column":6},"end":{"line":89,"column":9}},"39":{"start":{"line":91,"column":6},"end":{"line":91,"column":63}},"40":{"start":{"line":94,"column":29},"end":{"line":94,"column":59}},"41":{"start":{"line":95,"column":6},"end":{"line":98,"column":7}},"42":{"start":{"line":96,"column":8},"end":{"line":96,"column":39}},"43":{"start":{"line":97,"column":8},"end":{"line":97,"column":60}},"44":{"start":{"line":100,"column":6},"end":{"line":100,"column":26}},"45":{"start":{"line":101,"column":6},"end":{"line":101,"column":47}},"46":{"start":{"line":103,"column":18},"end":{"line":103,"column":47}},"47":{"start":{"line":104,"column":6},"end":{"line":104,"column":56}},"48":{"start":{"line":105,"column":6},"end":{"line":105,"column":77}},"49":{"start":{"line":107,"column":6},"end":{"line":107,"column":23}},"50":{"start":{"line":111,"column":27},"end":{"line":124,"column":3}},"51":{"start":{"line":113,"column":4},"end":{"line":122,"column":5}},"52":{"start":{"line":114,"column":6},"end":{"line":121,"column":9}},"53":{"start":{"line":123,"column":4},"end":{"line":123,"column":24}},"54":{"start":{"line":126,"column":30},"end":{"line":217,"column":3}},"55":{"start":{"line":127,"column":4},"end":{"line":127,"column":22}},"56":{"start":{"line":127,"column":15},"end":{"line":127,"column":22}},"57":{"start":{"line":130,"column":26},"end":{"line":136,"column":null}},"58":{"start":{"line":139,"column":4},"end":{"line":139,"column":31}},"59":{"start":{"line":139,"column":24},"end":{"line":139,"column":31}},"60":{"start":{"line":142,"column":21},"end":{"line":143,"column":null}},"61":{"start":{"line":146,"column":4},"end":{"line":149,"column":5}},"62":{"start":{"line":147,"column":6},"end":{"line":147,"column":43}},"63":{"start":{"line":148,"column":6},"end":{"line":148,"column":13}},"64":{"start":{"line":152,"column":24},"end":{"line":154,"column":null}},"65":{"start":{"line":157,"column":4},"end":{"line":160,"column":5}},"66":{"start":{"line":158,"column":6},"end":{"line":158,"column":67}},"67":{"start":{"line":159,"column":6},"end":{"line":159,"column":13}},"68":{"start":{"line":162,"column":4},"end":{"line":216,"column":5}},"69":{"start":{"line":164,"column":6},"end":{"line":167,"column":7}},"70":{"start":{"line":165,"column":8},"end":{"line":165,"column":56}},"71":{"start":{"line":166,"column":8},"end":{"line":166,"column":15}},"72":{"start":{"line":169,"column":6},"end":{"line":169,"column":50}},"73":{"start":{"line":170,"column":25},"end":{"line":170,"column":75}},"74":{"start":{"line":171,"column":6},"end":{"line":171,"column":59}},"75":{"start":{"line":172,"column":6},"end":{"line":172,"column":52}},"76":{"start":{"line":175,"column":6},"end":{"line":175,"column":62}},"77":{"start":{"line":176,"column":6},"end":{"line":176,"column":40}},"78":{"start":{"line":177,"column":6},"end":{"line":177,"column":56}},"79":{"start":{"line":180,"column":6},"end":{"line":180,"column":61}},"80":{"start":{"line":181,"column":6},"end":{"line":181,"column":29}},"81":{"start":{"line":182,"column":6},"end":{"line":182,"column":55}},"82":{"start":{"line":184,"column":6},"end":{"line":186,"column":8}},"83":{"start":{"line":189,"column":6},"end":{"line":193,"column":7}},"84":{"start":{"line":190,"column":8},"end":{"line":190,"column":19}},"85":{"start":{"line":192,"column":8},"end":{"line":192,"column":35}},"86":{"start":{"line":195,"column":18},"end":{"line":195,"column":62}},"87":{"start":{"line":196,"column":6},"end":{"line":196,"column":56}},"88":{"start":{"line":197,"column":6},"end":{"line":197,"column":46}},"89":{"start":{"line":198,"column":6},"end":{"line":198,"column":52}},"90":{"start":{"line":201,"column":6},"end":{"line":215,"column":7}},"91":{"start":{"line":202,"column":8},"end":{"line":202,"column":67}},"92":{"start":{"line":203,"column":13},"end":{"line":215,"column":7}},"93":{"start":{"line":204,"column":8},"end":{"line":204,"column":69}},"94":{"start":{"line":205,"column":13},"end":{"line":215,"column":7}},"95":{"start":{"line":206,"column":8},"end":{"line":208,"column":10}},"96":{"start":{"line":209,"column":13},"end":{"line":215,"column":7}},"97":{"start":{"line":210,"column":8},"end":{"line":210,"column":55}},"98":{"start":{"line":212,"column":8},"end":{"line":214,"column":10}},"99":{"start":{"line":219,"column":2},"end":{"line":227,"column":3}},"100":{"start":{"line":220,"column":4},"end":{"line":226,"column":6}},"101":{"start":{"line":229,"column":2},"end":{"line":238,"column":3}},"102":{"start":{"line":230,"column":4},"end":{"line":237,"column":6}},"103":{"start":{"line":240,"column":2},"end":{"line":537,"column":4}},"104":{"start":{"line":257,"column":27},"end":{"line":257,"column":50}},"105":{"start":{"line":267,"column":27},"end":{"line":267,"column":49}},"106":{"start":{"line":286,"column":35},"end":{"line":286,"column":53}},"107":{"start":{"line":540,"column":0},"end":{"line":540,"column":27}}},"fnMap":{"0":{"name":"(anonymous_1)","decl":{"start":{"line":20,"column":48},"end":{"line":20,"column":49}},"loc":{"start":{"line":20,"column":65},"end":{"line":538,"column":1}}},"1":{"name":"(anonymous_2)","decl":{"start":{"line":37,"column":12},"end":{"line":37,"column":15}},"loc":{"start":{"line":37,"column":17},"end":{"line":62,"column":3}}},"2":{"name":"(anonymous_3)","decl":{"start":{"line":38,"column":25},"end":{"line":38,"column":30}},"loc":{"start":{"line":38,"column":36},"end":{"line":59,"column":5}}},"3":{"name":"(anonymous_4)","decl":{"start":{"line":64,"column":28},"end":{"line":64,"column":29}},"loc":{"start":{"line":64,"column":71},"end":{"line":67,"column":3}}},"4":{"name":"(anonymous_5)","decl":{"start":{"line":66,"column":16},"end":{"line":66,"column":17}},"loc":{"start":{"line":66,"column":27},"end":{"line":66,"column":53}}},"5":{"name":"(anonymous_6)","decl":{"start":{"line":69,"column":28},"end":{"line":69,"column":33}},"loc":{"start":{"line":69,"column":39},"end":{"line":109,"column":3}}},"6":{"name":"(anonymous_7)","decl":{"start":{"line":111,"column":27},"end":{"line":111,"column":30}},"loc":{"start":{"line":111,"column":32},"end":{"line":124,"column":3}}},"7":{"name":"(anonymous_8)","decl":{"start":{"line":126,"column":30},"end":{"line":126,"column":35}},"loc":{"start":{"line":126,"column":41},"end":{"line":217,"column":3}}},"8":{"name":"(anonymous_9)","decl":{"start":{"line":257,"column":21},"end":{"line":257,"column":24}},"loc":{"start":{"line":257,"column":27},"end":{"line":257,"column":50}}},"9":{"name":"(anonymous_10)","decl":{"start":{"line":267,"column":21},"end":{"line":267,"column":24}},"loc":{"start":{"line":267,"column":27},"end":{"line":267,"column":49}}},"10":{"name":"(anonymous_11)","decl":{"start":{"line":286,"column":29},"end":{"line":286,"column":32}},"loc":{"start":{"line":286,"column":35},"end":{"line":286,"column":53}}}},"branchMap":{"0":{"loc":{"start":{"line":39,"column":6},"end":{"line":39,"column":24}},"type":"if","locations":[{"start":{"line":39,"column":6},"end":{"line":39,"column":24}}]},"1":{"loc":{"start":{"line":43,"column":8},"end":{"line":53,"column":9}},"type":"if","locations":[{"start":{"line":43,"column":8},"end":{"line":53,"column":9}}]},"2":{"loc":{"start":{"line":46,"column":23},"end":{"line":46,"column":46}},"type":"binary-expr","locations":[{"start":{"line":46,"column":23},"end":{"line":46,"column":40}},{"start":{"line":46,"column":44},"end":{"line":46,"column":46}}]},"3":{"loc":{"start":{"line":47,"column":22},"end":{"line":47,"column":44}},"type":"binary-expr","locations":[{"start":{"line":47,"column":22},"end":{"line":47,"column":38}},{"start":{"line":47,"column":42},"end":{"line":47,"column":44}}]},"4":{"loc":{"start":{"line":48,"column":21},"end":{"line":48,"column":42}},"type":"binary-expr","locations":[{"start":{"line":48,"column":21},"end":{"line":48,"column":36}},{"start":{"line":48,"column":40},"end":{"line":48,"column":42}}]},"5":{"loc":{"start":{"line":49,"column":18},"end":{"line":49,"column":36}},"type":"binary-expr","locations":[{"start":{"line":49,"column":18},"end":{"line":49,"column":30}},{"start":{"line":49,"column":34},"end":{"line":49,"column":36}}]},"6":{"loc":{"start":{"line":50,"column":21},"end":{"line":50,"column":42}},"type":"binary-expr","locations":[{"start":{"line":50,"column":21},"end":{"line":50,"column":36}},{"start":{"line":50,"column":40},"end":{"line":50,"column":42}}]},"7":{"loc":{"start":{"line":51,"column":19},"end":{"line":51,"column":38}},"type":"binary-expr","locations":[{"start":{"line":51,"column":19},"end":{"line":51,"column":32}},{"start":{"line":51,"column":36},"end":{"line":51,"column":38}}]},"8":{"loc":{"start":{"line":70,"column":4},"end":{"line":70,"column":22}},"type":"if","locations":[{"start":{"line":70,"column":4},"end":{"line":70,"column":22}}]},"9":{"loc":{"start":{"line":73,"column":4},"end":{"line":76,"column":5}},"type":"if","locations":[{"start":{"line":73,"column":4},"end":{"line":76,"column":5}}]},"10":{"loc":{"start":{"line":73,"column":8},"end":{"line":73,"column":63}},"type":"binary-expr","locations":[{"start":{"line":73,"column":8},"end":{"line":73,"column":34}},{"start":{"line":73,"column":38},"end":{"line":73,"column":63}}]},"11":{"loc":{"start":{"line":95,"column":6},"end":{"line":98,"column":7}},"type":"if","locations":[{"start":{"line":95,"column":6},"end":{"line":98,"column":7}}]},"12":{"loc":{"start":{"line":105,"column":43},"end":{"line":105,"column":73}},"type":"binary-expr","locations":[{"start":{"line":105,"column":43},"end":{"line":105,"column":54}},{"start":{"line":105,"column":58},"end":{"line":105,"column":73}}]},"13":{"loc":{"start":{"line":113,"column":4},"end":{"line":122,"column":5}},"type":"if","locations":[{"start":{"line":113,"column":4},"end":{"line":122,"column":5}}]},"14":{"loc":{"start":{"line":115,"column":19},"end":{"line":115,"column":46}},"type":"binary-expr","locations":[{"start":{"line":115,"column":19},"end":{"line":115,"column":40}},{"start":{"line":115,"column":44},"end":{"line":115,"column":46}}]},"15":{"loc":{"start":{"line":116,"column":18},"end":{"line":116,"column":44}},"type":"binary-expr","locations":[{"start":{"line":116,"column":18},"end":{"line":116,"column":38}},{"start":{"line":116,"column":42},"end":{"line":116,"column":44}}]},"16":{"loc":{"start":{"line":117,"column":17},"end":{"line":117,"column":42}},"type":"binary-expr","locations":[{"start":{"line":117,"column":17},"end":{"line":117,"column":36}},{"start":{"line":117,"column":40},"end":{"line":117,"column":42}}]},"17":{"loc":{"start":{"line":118,"column":14},"end":{"line":118,"column":36}},"type":"binary-expr","locations":[{"start":{"line":118,"column":14},"end":{"line":118,"column":30}},{"start":{"line":118,"column":34},"end":{"line":118,"column":36}}]},"18":{"loc":{"start":{"line":119,"column":17},"end":{"line":119,"column":42}},"type":"binary-expr","locations":[{"start":{"line":119,"column":17},"end":{"line":119,"column":36}},{"start":{"line":119,"column":40},"end":{"line":119,"column":42}}]},"19":{"loc":{"start":{"line":120,"column":15},"end":{"line":120,"column":38}},"type":"binary-expr","locations":[{"start":{"line":120,"column":15},"end":{"line":120,"column":32}},{"start":{"line":120,"column":36},"end":{"line":120,"column":38}}]},"20":{"loc":{"start":{"line":127,"column":4},"end":{"line":127,"column":22}},"type":"if","locations":[{"start":{"line":127,"column":4},"end":{"line":127,"column":22}}]},"21":{"loc":{"start":{"line":139,"column":4},"end":{"line":139,"column":31}},"type":"if","locations":[{"start":{"line":139,"column":4},"end":{"line":139,"column":31}}]},"22":{"loc":{"start":{"line":146,"column":4},"end":{"line":149,"column":5}},"type":"if","locations":[{"start":{"line":146,"column":4},"end":{"line":149,"column":5}}]},"23":{"loc":{"start":{"line":157,"column":4},"end":{"line":160,"column":5}},"type":"if","locations":[{"start":{"line":157,"column":4},"end":{"line":160,"column":5}}]},"24":{"loc":{"start":{"line":164,"column":6},"end":{"line":167,"column":7}},"type":"if","locations":[{"start":{"line":164,"column":6},"end":{"line":167,"column":7}}]},"25":{"loc":{"start":{"line":189,"column":6},"end":{"line":193,"column":7}},"type":"if","locations":[{"start":{"line":189,"column":6},"end":{"line":193,"column":7}},{"start":{"line":191,"column":13},"end":{"line":193,"column":7}}]},"26":{"loc":{"start":{"line":201,"column":6},"end":{"line":215,"column":7}},"type":"if","locations":[{"start":{"line":201,"column":6},"end":{"line":215,"column":7}},{"start":{"line":203,"column":13},"end":{"line":215,"column":7}}]},"27":{"loc":{"start":{"line":203,"column":13},"end":{"line":215,"column":7}},"type":"if","locations":[{"start":{"line":203,"column":13},"end":{"line":215,"column":7}},{"start":{"line":205,"column":13},"end":{"line":215,"column":7}}]},"28":{"loc":{"start":{"line":205,"column":13},"end":{"line":215,"column":7}},"type":"if","locations":[{"start":{"line":205,"column":13},"end":{"line":215,"column":7}},{"start":{"line":209,"column":13},"end":{"line":215,"column":7}}]},"29":{"loc":{"start":{"line":209,"column":13},"end":{"line":215,"column":7}},"type":"if","locations":[{"start":{"line":209,"column":13},"end":{"line":215,"column":7}},{"start":{"line":211,"column":13},"end":{"line":215,"column":7}}]},"30":{"loc":{"start":{"line":213,"column":41},"end":{"line":213,"column":72}},"type":"binary-expr","locations":[{"start":{"line":213,"column":41},"end":{"line":213,"column":53}},{"start":{"line":213,"column":57},"end":{"line":213,"column":72}}]},"31":{"loc":{"start":{"line":219,"column":2},"end":{"line":227,"column":3}},"type":"if","locations":[{"start":{"line":219,"column":2},"end":{"line":227,"column":3}}]},"32":{"loc":{"start":{"line":229,"column":2},"end":{"line":238,"column":3}},"type":"if","locations":[{"start":{"line":229,"column":2},"end":{"line":238,"column":3}}]},"33":{"loc":{"start":{"line":256,"column":35},"end":{"line":256,"column":74}},"type":"cond-expr","locations":[{"start":{"line":256,"column":61},"end":{"line":256,"column":69}},{"start":{"line":256,"column":72},"end":{"line":256,"column":74}}]},"34":{"loc":{"start":{"line":266,"column":35},"end":{"line":266,"column":73}},"type":"cond-expr","locations":[{"start":{"line":266,"column":60},"end":{"line":266,"column":68}},{"start":{"line":266,"column":71},"end":{"line":266,"column":73}}]},"35":{"loc":{"start":{"line":277,"column":7},"end":{"line":531,"column":null}},"type":"binary-expr","locations":[{"start":{"line":277,"column":7},"end":{"line":277,"column":30}},{"start":{"line":278,"column":8},"end":{"line":530,"column":null}}]},"36":{"loc":{"start":{"line":283,"column":17},"end":{"line":290,"column":null}},"type":"binary-expr","locations":[{"start":{"line":283,"column":17},"end":{"line":283,"column":27}},{"start":{"line":284,"column":18},"end":{"line":288,"column":null}}]},"37":{"loc":{"start":{"line":294,"column":17},"end":{"line":498,"column":null}},"type":"cond-expr","locations":[{"start":{"line":296,"column":18},"end":{"line":389,"column":null}},{"start":{"line":393,"column":18},"end":{"line":497,"column":null}}]},"38":{"loc":{"start":{"line":318,"column":27},"end":{"line":319,"column":null}},"type":"binary-expr","locations":[{"start":{"line":318,"column":27},"end":{"line":318,"column":49}},{"start":{"line":319,"column":28},"end":{"line":319,"column":67}}]},"39":{"loc":{"start":{"line":326,"column":27},"end":{"line":327,"column":null}},"type":"binary-expr","locations":[{"start":{"line":326,"column":27},"end":{"line":326,"column":48}},{"start":{"line":327,"column":28},"end":{"line":327,"column":67}}]},"40":{"loc":{"start":{"line":337,"column":27},"end":{"line":338,"column":null}},"type":"binary-expr","locations":[{"start":{"line":337,"column":27},"end":{"line":337,"column":47}},{"start":{"line":338,"column":28},"end":{"line":338,"column":67}}]},"41":{"loc":{"start":{"line":348,"column":27},"end":{"line":349,"column":null}},"type":"binary-expr","locations":[{"start":{"line":348,"column":27},"end":{"line":348,"column":44}},{"start":{"line":349,"column":28},"end":{"line":349,"column":67}}]},"42":{"loc":{"start":{"line":356,"column":27},"end":{"line":357,"column":null}},"type":"binary-expr","locations":[{"start":{"line":356,"column":27},"end":{"line":356,"column":47}},{"start":{"line":357,"column":28},"end":{"line":357,"column":67}}]},"43":{"loc":{"start":{"line":367,"column":27},"end":{"line":368,"column":null}},"type":"binary-expr","locations":[{"start":{"line":367,"column":27},"end":{"line":367,"column":45}},{"start":{"line":368,"column":28},"end":{"line":368,"column":67}}]},"44":{"loc":{"start":{"line":375,"column":27},"end":{"line":379,"column":35}},"type":"cond-expr","locations":[{"start":{"line":376,"column":30},"end":{"line":378,"column":52}},{"start":{"line":379,"column":30},"end":{"line":379,"column":35}}]},"45":{"loc":{"start":{"line":478,"column":25},"end":{"line":487,"column":null}},"type":"cond-expr","locations":[{"start":{"line":479,"column":26},"end":{"line":480,"column":null}},{"start":{"line":484,"column":26},"end":{"line":485,"column":null}}]},"46":{"loc":{"start":{"line":535,"column":7},"end":{"line":535,"column":69}},"type":"binary-expr","locations":[{"start":{"line":535,"column":7},"end":{"line":535,"column":29}},{"start":{"line":535,"column":33},"end":{"line":535,"column":69}}]}},"s":{"0":0,"1":0,"2":0,"3":0,"4":0,"5":0,"6":0,"7":0,"8":0,"9":0,"10":0,"11":0,"12":0,"13":0,"14":0,"15":0,"16":0,"17":0,"18":0,"19":0,"20":0,"21":0,"22":0,"23":0,"24":0,"25":0,"26":0,"27":0,"28":0,"29":0,"30":0,"31":0,"32":0,"33":0,"34":0,"35":0,"36":0,"37":0,"38":0,"39":0,"40":0,"41":0,"42":0,"43":0,"44":0,"45":0,"46":0,"47":0,"48":0,"49":0,"50":0,"51":0,"52":0,"53":0,"54":0,"55":0,"56":0,"57":0,"58":0,"59":0,"60":0,"61":0,"62":0,"63":0,"64":0,"65":0,"66":0,"67":0,"68":0,"69":0,"70":0,"71":0,"72":0,"73":0,"74":0,"75":0,"76":0,"77":0,"78":0,"79":0,"80":0,"81":0,"82":0,"83":0,"84":0,"85":0,"86":0,"87":0,"88":0,"89":0,"90":0,"91":0,"92":0,"93":0,"94":0,"95":0,"96":0,"97":0,"98":0,"99":0,"100":0,"101":0,"102":0,"103":0,"104":0,"105":0,"106":0,"107":0},"f":{"0":0,"1":0,"2":0,"3":0,"4":0,"5":0,"6":0,"7":0,"8":0,"9":0,"10":0},"b":{"0":[0],"1":[0],"2":[0,0],"3":[0,0],"4":[0,0],"5":[0,0],"6":[0,0],"7":[0,0],"8":[0],"9":[0],"10":[0,0],"11":[0],"12":[0,0],"13":[0],"14":[0,0],"15":[0,0],"16":[0,0],"17":[0,0],"18":[0,0],"19":[0,0],"20":[0],"21":[0],"22":[0],"23":[0],"24":[0],"25":[0,0],"26":[0,0],"27":[0,0],"28":[0,0],"29":[0,0],"30":[0,0],"31":[0],"32":[0],"33":[0,0],"34":[0,0],"35":[0,0],"36":[0,0],"37":[0,0],"38":[0,0],"39":[0,0],"40":[0,0],"41":[0,0],"42":[0,0],"43":[0,0],"44":[0,0],"45":[0,0],"46":[0,0]}}
,"/Users/Kimmiecub/Firebase Ecommerce App Pt. 2/luxe-store/src/AdminDashboard/orderManagement.ts": {"path":"/Users/Kimmiecub/Firebase Ecommerce App Pt. 2/luxe-store/src/AdminDashboard/orderManagement.ts","statementMap":{"0":{"start":{"line":1,"column":0},"end":{"line":1,"column":56}},"1":{"start":{"line":2,"column":0},"end":{"line":2,"column":39}},"2":{"start":{"line":5,"column":27},"end":{"line":15,"column":1}},"3":{"start":{"line":8,"column":2},"end":{"line":14,"column":3}},"4":{"start":{"line":9,"column":19},"end":{"line":9,"column":64}},"5":{"start":{"line":10,"column":4},"end":{"line":10,"column":21}},"6":{"start":{"line":12,"column":4},"end":{"line":12,"column":50}},"7":{"start":{"line":13,"column":4},"end":{"line":13,"column":16}},"8":{"start":{"line":5,"column":13},"end":{"line":5,"column":27}}},"fnMap":{"0":{"name":"(anonymous_0)","decl":{"start":{"line":5,"column":27},"end":{"line":5,"column":32}},"loc":{"start":{"line":7,"column":21},"end":{"line":15,"column":1}}}},"branchMap":{},"s":{"0":0,"1":0,"2":0,"3":0,"4":0,"5":0,"6":0,"7":0,"8":0},"f":{"0":0},"b":{}}
,"/Users/Kimmiecub/Firebase Ecommerce App Pt. 2/luxe-store/src/FirebaseAuth/AddDataForm.tsx": {"path":"/Users/Kimmiecub/Firebase Ecommerce App Pt. 2/luxe-store/src/FirebaseAuth/AddDataForm.tsx","statementMap":{"0":{"start":{"line":1,"column":0},"end":{"line":1,"column":40}},"1":{"start":{"line":2,"column":0},"end":{"line":2,"column":39}},"2":{"start":{"line":3,"column":0},"end":{"line":3,"column":56}},"3":{"start":{"line":4,"column":0},"end":{"line":4,"column":52}},"4":{"start":{"line":17,"column":20},"end":{"line":130,"column":1}},"5":{"start":{"line":18,"column":26},"end":{"line":18,"column":74}},"6":{"start":{"line":19,"column":30},"end":{"line":19,"column":54}},"7":{"start":{"line":20,"column":32},"end":{"line":20,"column":47}},"8":{"start":{"line":21,"column":23},"end":{"line":21,"column":33}},"9":{"start":{"line":24,"column":23},"end":{"line":45,"column":3}},"10":{"start":{"line":25,"column":34},"end":{"line":25,"column":36}},"11":{"start":{"line":27,"column":4},"end":{"line":33,"column":5}},"12":{"start":{"line":28,"column":6},"end":{"line":28,"column":42}},"13":{"start":{"line":29,"column":11},"end":{"line":33,"column":5}},"14":{"start":{"line":30,"column":6},"end":{"line":30,"column":60}},"15":{"start":{"line":31,"column":11},"end":{"line":33,"column":5}},"16":{"start":{"line":32,"column":6},"end":{"line":32,"column":60}},"17":{"start":{"line":35,"column":4},"end":{"line":41,"column":5}},"18":{"start":{"line":36,"column":6},"end":{"line":36,"column":49}},"19":{"start":{"line":37,"column":11},"end":{"line":41,"column":5}},"20":{"start":{"line":38,"column":6},"end":{"line":38,"column":54}},"21":{"start":{"line":39,"column":11},"end":{"line":41,"column":5}},"22":{"start":{"line":40,"column":6},"end":{"line":40,"column":53}},"23":{"start":{"line":43,"column":4},"end":{"line":43,"column":25}},"24":{"start":{"line":44,"column":4},"end":{"line":44,"column":47}},"25":{"start":{"line":47,"column":23},"end":{"line":55,"column":3}},"26":{"start":{"line":48,"column":28},"end":{"line":48,"column":36}},"27":{"start":{"line":49,"column":24},"end":{"line":49,"column":67}},"28":{"start":{"line":50,"column":4},"end":{"line":50,"column":58}},"29":{"start":{"line":50,"column":23},"end":{"line":50,"column":55}},"30":{"start":{"line":52,"column":4},"end":{"line":54,"column":5}},"31":{"start":{"line":53,"column":6},"end":{"line":53,"column":60}},"32":{"start":{"line":53,"column":27},"end":{"line":53,"column":57}},"33":{"start":{"line":57,"column":23},"end":{"line":82,"column":3}},"34":{"start":{"line":58,"column":4},"end":{"line":58,"column":23}},"35":{"start":{"line":60,"column":4},"end":{"line":63,"column":5}},"36":{"start":{"line":61,"column":6},"end":{"line":61,"column":67}},"37":{"start":{"line":62,"column":6},"end":{"line":62,"column":13}},"38":{"start":{"line":65,"column":4},"end":{"line":65,"column":21}},"39":{"start":{"line":66,"column":4},"end":{"line":81,"column":5}},"40":{"start":{"line":67,"column":6},"end":{"line":71,"column":9}},"41":{"start":{"line":72,"column":6},"end":{"line":72,"column":54}},"42":{"start":{"line":73,"column":6},"end":{"line":73,"column":36}},"43":{"start":{"line":76,"column":8},"end":{"line":76,"column":69}},"44":{"start":{"line":77,"column":6},"end":{"line":77,"column":53}},"45":{"start":{"line":78,"column":6},"end":{"line":78,"column":45}},"46":{"start":{"line":80,"column":6},"end":{"line":80,"column":24}},"47":{"start":{"line":84,"column":2},"end":{"line":129,"column":4}},"48":{"start":{"line":132,"column":0},"end":{"line":132,"column":27}}},"fnMap":{"0":{"name":"(anonymous_0)","decl":{"start":{"line":17,"column":20},"end":{"line":17,"column":23}},"loc":{"start":{"line":17,"column":25},"end":{"line":130,"column":1}}},"1":{"name":"(anonymous_1)","decl":{"start":{"line":24,"column":23},"end":{"line":24,"column":35}},"loc":{"start":{"line":24,"column":37},"end":{"line":45,"column":3}}},"2":{"name":"(anonymous_2)","decl":{"start":{"line":47,"column":23},"end":{"line":47,"column":24}},"loc":{"start":{"line":47,"column":66},"end":{"line":55,"column":3}}},"3":{"name":"(anonymous_3)","decl":{"start":{"line":50,"column":12},"end":{"line":50,"column":13}},"loc":{"start":{"line":50,"column":23},"end":{"line":50,"column":55}}},"4":{"name":"(anonymous_4)","decl":{"start":{"line":53,"column":16},"end":{"line":53,"column":17}},"loc":{"start":{"line":53,"column":27},"end":{"line":53,"column":57}}},"5":{"name":"(anonymous_5)","decl":{"start":{"line":57,"column":23},"end":{"line":57,"column":28}},"loc":{"start":{"line":57,"column":52},"end":{"line":82,"column":3}}}},"branchMap":{"0":{"loc":{"start":{"line":27,"column":4},"end":{"line":33,"column":5}},"type":"if","locations":[{"start":{"line":27,"column":4},"end":{"line":33,"column":5}},{"start":{"line":29,"column":11},"end":{"line":33,"column":5}}]},"1":{"loc":{"start":{"line":29,"column":11},"end":{"line":33,"column":5}},"type":"if","locations":[{"start":{"line":29,"column":11},"end":{"line":33,"column":5}},{"start":{"line":31,"column":11},"end":{"line":33,"column":5}}]},"2":{"loc":{"start":{"line":31,"column":11},"end":{"line":33,"column":5}},"type":"if","locations":[{"start":{"line":31,"column":11},"end":{"line":33,"column":5}}]},"3":{"loc":{"start":{"line":35,"column":4},"end":{"line":41,"column":5}},"type":"if","locations":[{"start":{"line":35,"column":4},"end":{"line":41,"column":5}},{"start":{"line":37,"column":11},"end":{"line":41,"column":5}}]},"4":{"loc":{"start":{"line":35,"column":8},"end":{"line":35,"column":51}},"type":"binary-expr","locations":[{"start":{"line":35,"column":8},"end":{"line":35,"column":35}},{"start":{"line":35,"column":39},"end":{"line":35,"column":51}}]},"5":{"loc":{"start":{"line":37,"column":11},"end":{"line":41,"column":5}},"type":"if","locations":[{"start":{"line":37,"column":11},"end":{"line":41,"column":5}},{"start":{"line":39,"column":11},"end":{"line":41,"column":5}}]},"6":{"loc":{"start":{"line":39,"column":11},"end":{"line":41,"column":5}},"type":"if","locations":[{"start":{"line":39,"column":11},"end":{"line":41,"column":5}}]},"7":{"loc":{"start":{"line":49,"column":24},"end":{"line":49,"column":67}},"type":"cond-expr","locations":[{"start":{"line":49,"column":41},"end":{"line":49,"column":59}},{"start":{"line":49,"column":62},"end":{"line":49,"column":67}}]},"8":{"loc":{"start":{"line":49,"column":41},"end":{"line":49,"column":59}},"type":"binary-expr","locations":[{"start":{"line":49,"column":41},"end":{"line":49,"column":54}},{"start":{"line":49,"column":58},"end":{"line":49,"column":59}}]},"9":{"loc":{"start":{"line":52,"column":4},"end":{"line":54,"column":5}},"type":"if","locations":[{"start":{"line":52,"column":4},"end":{"line":54,"column":5}}]},"10":{"loc":{"start":{"line":60,"column":4},"end":{"line":63,"column":5}},"type":"if","locations":[{"start":{"line":60,"column":4},"end":{"line":63,"column":5}}]},"11":{"loc":{"start":{"line":76,"column":8},"end":{"line":76,"column":69}},"type":"cond-expr","locations":[{"start":{"line":76,"column":33},"end":{"line":76,"column":46}},{"start":{"line":76,"column":49},"end":{"line":76,"column":69}}]},"12":{"loc":{"start":{"line":95,"column":28},"end":{"line":95,"column":66}},"type":"cond-expr","locations":[{"start":{"line":95,"column":42},"end":{"line":95,"column":54}},{"start":{"line":95,"column":57},"end":{"line":95,"column":66}}]},"13":{"loc":{"start":{"line":98,"column":9},"end":{"line":101,"column":null}},"type":"binary-expr","locations":[{"start":{"line":98,"column":9},"end":{"line":98,"column":20}},{"start":{"line":99,"column":10},"end":{"line":100,"column":null}}]},"14":{"loc":{"start":{"line":115,"column":28},"end":{"line":115,"column":64}},"type":"cond-expr","locations":[{"start":{"line":115,"column":41},"end":{"line":115,"column":52}},{"start":{"line":115,"column":55},"end":{"line":115,"column":64}}]},"15":{"loc":{"start":{"line":118,"column":9},"end":{"line":121,"column":null}},"type":"binary-expr","locations":[{"start":{"line":118,"column":9},"end":{"line":118,"column":19}},{"start":{"line":119,"column":10},"end":{"line":120,"column":null}}]},"16":{"loc":{"start":{"line":126,"column":9},"end":{"line":126,"column":43}},"type":"cond-expr","locations":[{"start":{"line":126,"column":19},"end":{"line":126,"column":30}},{"start":{"line":126,"column":33},"end":{"line":126,"column":43}}]}},"s":{"0":0,"1":0,"2":0,"3":0,"4":0,"5":0,"6":0,"7":0,"8":0,"9":0,"10":0,"11":0,"12":0,"13":0,"14":0,"15":0,"16":0,"17":0,"18":0,"19":0,"20":0,"21":0,"22":0,"23":0,"24":0,"25":0,"26":0,"27":0,"28":0,"29":0,"30":0,"31":0,"32":0,"33":0,"34":0,"35":0,"36":0,"37":0,"38":0,"39":0,"40":0,"41":0,"42":0,"43":0,"44":0,"45":0,"46":0,"47":0,"48":0},"f":{"0":0,"1":0,"2":0,"3":0,"4":0,"5":0},"b":{"0":[0,0],"1":[0,0],"2":[0],"3":[0,0],"4":[0,0],"5":[0,0],"6":[0],"7":[0,0],"8":[0,0],"9":[0],"10":[0],"11":[0,0],"12":[0,0],"13":[0,0],"14":[0,0],"15":[0,0],"16":[0,0]}}
,"/Users/Kimmiecub/Firebase Ecommerce App Pt. 2/luxe-store/src/FirebaseAuth/register.tsx": {"path":"/Users/Kimmiecub/Firebase Ecommerce App Pt. 2/luxe-store/src/FirebaseAuth/register.tsx","statementMap":{"0":{"start":{"line":1,"column":0},"end":{"line":1,"column":51}},"1":{"start":{"line":2,"column":0},"end":{"line":2,"column":63}},"2":{"start":{"line":4,"column":0},"end":{"line":4,"column":41}},"3":{"start":{"line":5,"column":0},"end":{"line":5,"column":52}},"4":{"start":{"line":6,"column":0},"end":{"line":6,"column":22}},"5":{"start":{"line":12,"column":42},"end":{"line":212,"column":1}},"6":{"start":{"line":13,"column":28},"end":{"line":13,"column":48}},"7":{"start":{"line":14,"column":34},"end":{"line":14,"column":54}},"8":{"start":{"line":15,"column":48},"end":{"line":15,"column":68}},"9":{"start":{"line":16,"column":28},"end":{"line":16,"column":57}},"10":{"start":{"line":17,"column":32},"end":{"line":17,"column":47}},"11":{"start":{"line":18,"column":42},"end":{"line":18,"column":57}},"12":{"start":{"line":19,"column":56},"end":{"line":19,"column":71}},"13":{"start":{"line":20,"column":23},"end":{"line":20,"column":33}},"14":{"start":{"line":22,"column":23},"end":{"line":40,"column":3}},"15":{"start":{"line":23,"column":4},"end":{"line":26,"column":5}},"16":{"start":{"line":24,"column":6},"end":{"line":24,"column":42}},"17":{"start":{"line":25,"column":6},"end":{"line":25,"column":19}},"18":{"start":{"line":27,"column":4},"end":{"line":30,"column":5}},"19":{"start":{"line":28,"column":6},"end":{"line":28,"column":45}},"20":{"start":{"line":29,"column":6},"end":{"line":29,"column":19}},"21":{"start":{"line":31,"column":4},"end":{"line":34,"column":5}},"22":{"start":{"line":32,"column":6},"end":{"line":32,"column":57}},"23":{"start":{"line":33,"column":6},"end":{"line":33,"column":19}},"24":{"start":{"line":35,"column":4},"end":{"line":38,"column":5}},"25":{"start":{"line":36,"column":6},"end":{"line":36,"column":41}},"26":{"start":{"line":37,"column":6},"end":{"line":37,"column":19}},"27":{"start":{"line":39,"column":4},"end":{"line":39,"column":16}},"28":{"start":{"line":42,"column":26},"end":{"line":49,"column":3}},"29":{"start":{"line":43,"column":45},"end":{"line":47,"column":6}},"30":{"start":{"line":48,"column":4},"end":{"line":48,"column":70}},"31":{"start":{"line":51,"column":25},"end":{"line":73,"column":3}},"32":{"start":{"line":52,"column":4},"end":{"line":52,"column":23}},"33":{"start":{"line":53,"column":4},"end":{"line":53,"column":19}},"34":{"start":{"line":55,"column":4},"end":{"line":55,"column":32}},"35":{"start":{"line":55,"colum
[...]
cl":{"start":{"line":51,"column":20},"end":{"line":51,"column":21}},"loc":{"start":{"line":51,"column":61},"end":{"line":60,"column":5}}},"5":{"name":"(anonymous_5)","decl":{"start":{"line":53,"column":8},"end":{"line":53,"column":9}},"loc":{"start":{"line":53,"column":28},"end":{"line":53,"column":54}}},"6":{"name":"(anonymous_6)","decl":{"start":{"line":57,"column":8},"end":{"line":57,"column":9}},"loc":{"start":{"line":57,"column":41},"end":{"line":57,"column":73}}},"7":{"name":"(anonymous_7)","decl":{"start":{"line":62,"column":20},"end":{"line":62,"column":null}},"loc":{"start":{"line":65,"column":8},"end":{"line":84,"column":5}}},"8":{"name":"(anonymous_8)","decl":{"start":{"line":67,"column":8},"end":{"line":67,"column":9}},"loc":{"start":{"line":67,"column":28},"end":{"line":67,"column":57}}},"9":{"name":"(anonymous_9)","decl":{"start":{"line":73,"column":12},"end":{"line":73,"column":13}},"loc":{"start":{"line":73,"column":29},"end":{"line":73,"column":55}}},"10":{"name":"(anonymous_10)","decl":{"start":{"line":81,"column":8},"end":{"line":81,"column":9}},"loc":{"start":{"line":81,"column":41},"end":{"line":81,"column":73}}},"11":{"name":"(anonymous_11)","decl":{"start":{"line":86,"column":15},"end":{"line":86,"column":16}},"loc":{"start":{"line":86,"column":25},"end":{"line":89,"column":5}}}},"branchMap":{"0":{"loc":{"start":{"line":13,"column":4},"end":{"line":15,"column":5}},"type":"if","locations":[{"start":{"line":13,"column":4},"end":{"line":15,"column":5}}]},"1":{"loc":{"start":{"line":36,"column":6},"end":{"line":43,"column":7}},"type":"if","locations":[{"start":{"line":36,"column":6},"end":{"line":43,"column":7}},{"start":{"line":38,"column":13},"end":{"line":43,"column":7}}]},"2":{"loc":{"start":{"line":70,"column":6},"end":{"line":78,"column":7}},"type":"if","locations":[{"start":{"line":70,"column":6},"end":{"line":78,"column":7}}]},"3":{"loc":{"start":{"line":71,"column":8},"end":{"line":77,"column":9}},"type":"if","locations":[{"start":{"line":71,"column":8},"end":{"line":77,"column":9}},{"start":{"line":75,"column":15},"end":{"line":77,"column":9}}]}},"s":{"0":3,"1":3,"2":3,"3":3,"4":3,"5":0,"6":0,"7":3,"8":3,"9":3,"10":12,"11":6,"12":12,"13":4,"14":8,"15":12,"16":14,"17":0,"18":0,"19":0,"20":0,"21":0,"22":0,"23":0,"24":0,"25":0,"26":0,"27":0,"28":0,"29":0,"30":0,"31":0,"32":3,"33":3},"f":{"0":3,"1":12,"2":6,"3":14,"4":0,"5":0,"6":0,"7":0,"8":0,"9":0,"10":0,"11":0},"b":{"0":[0],"1":[4,8],"2":[0],"3":[0,0]}}
,"/Users/Kimmiecub/Firebase Ecommerce App Pt. 2/luxe-store/src/store/index.ts": {"path":"/Users/Kimmiecub/Firebase Ecommerce App Pt. 2/luxe-store/src/store/index.ts","statementMap":{"0":{"start":{"line":5,"column":0},"end":{"line":5,"column":16}},"1":{"start":{"line":1,"column":0},"end":{"line":1,"column":50}},"2":{"start":{"line":2,"column":0},"end":{"line":2,"column":38}},"3":{"start":{"line":6,"column":24},"end":{"line":11,"column":4}},"4":{"start":{"line":14,"column":2},"end":{"line":17,"column":5}},"5":{"start":{"line":15,"column":18},"end":{"line":15,"column":42}},"6":{"start":{"line":16,"column":4},"end":{"line":16,"column":70}},"7":{"start":{"line":19,"column":2},"end":{"line":19,"column":23}},"8":{"start":{"line":23,"column":13},"end":{"line":23,"column":38}}},"fnMap":{"0":{"name":"createAppStore","decl":{"start":{"line":5,"column":16},"end":{"line":5,"column":30}},"loc":{"start":{"line":5,"column":50},"end":{"line":20,"column":1}}},"1":{"name":"(anonymous_2)","decl":{"start":{"line":14,"column":26},"end":{"line":14,"column":29}},"loc":{"start":{"line":14,"column":31},"end":{"line":17,"column":3}}}},"branchMap":{"0":{"loc":{"start":{"line":5,"column":31},"end":{"line":5,"column":50}},"type":"default-arg","locations":[{"start":{"line":5,"column":48},"end":{"line":5,"column":50}}]}},"s":{"0":3,"1":3,"2":3,"3":8,"4":8,"5":12,"6":12,"7":8,"8":3},"f":{"0":8,"1":12},"b":{"0":[8]}}
,"/Users/Kimmiecub/Firebase Ecommerce App Pt. 2/luxe-store/src/utils/adminHelpers.ts": {"path":"/Users/Kimmiecub/Firebase Ecommerce App Pt. 2/luxe-store/src/utils/adminHelpers.ts","statementMap":{"0":{"start":{"line":1,"column":0},"end":{"line":1,"column":null}},"1":{"start":{"line":12,"column":0},"end":{"line":12,"column":39}},"2":{"start":{"line":30,"column":27},"end":{"line":44,"column":1}},"3":{"start":{"line":31,"column":2},"end":{"line":43,"column":3}},"4":{"start":{"line":32,"column":20},"end":{"line":32,"column":44}},"5":{"start":{"line":33,"column":21},"end":{"line":33,"column":42}},"6":{"start":{"line":35,"column":4},"end":{"line":38,"column":5}},"7":{"start":{"line":36,"column":23},"end":{"line":36,"column":63}},"8":{"start":{"line":37,"column":6},"end":{"line":37,"column":39}},"9":{"start":{"line":39,"column":4},"end":{"line":39,"column":17}},"10":{"start":{"line":41,"column":4},"end":{"line":41,"column":57}},"11":{"start":{"line":42,"column":4},"end":{"line":42,"column":17}},"12":{"start":{"line":30,"column":13},"end":{"line":30,"column":27}},"13":{"start":{"line":51,"column":27},"end":{"line":66,"column":1}},"14":{"start":{"line":54,"column":2},"end":{"line":65,"column":3}},"15":{"start":{"line":55,"column":20},"end":{"line":55,"column":44}},"16":{"start":{"line":56,"column":21},"end":{"line":56,"column":42}},"17":{"start":{"line":58,"column":4},"end":{"line":60,"column":5}},"18":{"start":{"line":59,"column":6},"end":{"line":59,"column":45}},"19":{"start":{"line":61,"column":4},"end":{"line":61,"column":16}},"20":{"start":{"line":63,"column":4},"end":{"line":63,"column":54}},"21":{"start":{"line":64,"column":4},"end":{"line":64,"column":16}},"22":{"start":{"line":51,"column":13},"end":{"line":51,"column":27}},"23":{"start":{"line":73,"column":34},"end":{"line":95,"column":1}},"24":{"start":{"line":77,"column":2},"end":{"line":94,"column":3}},"25":{"start":{"line":79,"column":20},"end":{"line":79,"column":50}},"26":{"start":{"line":80,"column":4},"end":{"line":82,"column":5}},"27":{"start":{"line":81,"column":6},"end":{"line":81,"column":69}},"28":{"start":{"line":84,"column":20},"end":{"line":84,"column":44}},"29":{"start":{"line":85,"column":4},"end":{"line":88,"column":7}},"30":{"start":{"line":90,"column":4},"end":{"line":90,"column":54}},"31":{"start":{"line":92,"column":4},"end":{"line":92,"column":59}},"32":{"start":{"line":93,"column":4},"end":{"line":93,"column":16}},"33":{"start":{"line":73,"column":13},"end":{"line":73,"column":34}},"34":{"start":{"line":102,"column":33},"end":{"line":124,"column":1}},"35":{"start":{"line":106,"column":2},"end":{"line":123,"column":3}},"36":{"start":{"line":108,"column":20},"end":{"line":108,"column":50}},"37":{"start":{"line":109,"column":4},"end":{"line":111,"column":5}},"38":{"start":{"line":110,"column":6},"end":{"line":110,"column":60}},"39":{"start":{"line":113,"column":20},"end":{"line":113,"column":44}},"40":{"start":{"line":114,"column":4},"end":{"line":117,"column":7}},"41":{"start":{"line":119,"column":4},"end":{"line":119,"column":53}},"42":{"start":{"line":121,"column":4},"end":{"line":121,"column":55}},"43":{"start":{"line":122,"column":4},"end":{"line":122,"column":16}},"44":{"start":{"line":102,"column":13},"end":{"line":102,"column":33}},"45":{"start":{"line":131,"column":34},"end":{"line":162,"column":1}},"46":{"start":{"line":135,"column":2},"end":{"line":161,"column":3}},"47":{"start":{"line":136,"column":20},"end":{"line":136,"column":44}},"48":{"start":{"line":137,"column":21},"end":{"line":137,"column":42}},"49":{"start":{"line":139,"column":4},"end":{"line":157,"column":5}},"50":{"start":{"line":141,"column":6},"end":{"line":147,"column":9}},"51":{"start":{"line":150,"column":23},"end":{"line":150,"column":63}},"52":{"start":{"line":151,"column":6},"end":{"line":156,"column":7}},"53":{"start":{"line":152,"column":8},"end":{"line":155,"column":11}},"54":{"start":{"line":159,"column":4},"end":{"line":159,"column":58}},"55":{"start":{"line":160,"column":4},"end":{"line":160,"column":16}},"56":{"start":{"line":131,"column":13},"end":{"line":131,"column":34}},"57":{"start":{"line":168,"column":28},"end":{"line":191,"column":1}},"58":{"start":{"line":171,"column":2},"end":{"line":190,"column":3}},"59":{"start":{"line":173,"column":20},"end":{"line":173,"column":50}},"60":{"start":{"line":174,"column":4},"end":{"line":176,"column":5}},"61":{"start":{"line":175,"column":6},"end":{"line":175,"column":57}},"62":{"start":{"line":178,"column":14},"end":{"line":178,"column":74}},"63":{"start":{"line":179,"column":26},"end":{"line":179,"column":42}},"64":{"start":{"line":181,"column":35},"end":{"line":181,"column":37}},"65":{"start":{"line":182,"column":4},"end":{"line":184,"column":7}},"66":{"start":{"line":183,"column":6},"end":{"line":183,"column":46}},"67":{"start":{"line":186,"column":4},"end":{"line":186,"column":18}},"68":{"start":{"line":188,"column":4},"end":{"line":188,"column":55}},"69":{"start":{"line":189,"column":4},"end":{"line":189,"column":16}},"70":{"start":{"line":168,"column":13},"end":{"line":168,"column":28}},"71":{"start":{"line":198,"column":33},"end":{"line":212,"column":1}},"72":{"start":{"line":199,"column":2},"end":{"line":211,"column":3}},"73":{"start":{"line":201,"column":20},"end":{"line":201,"column":44}},"74":{"start":{"line":202,"column":4},"end":{"line":205,"column":7}},"75":{"start":{"line":207,"column":4},"end":{"line":207,"column":62}},"76":{"start":{"line":209,"column":4},"end":{"line":209,"column":54}},"77":{"start":{"line":210,"column":4},"end":{"line":210,"column":16}},"78":{"start":{"line":198,"column":13},"end":{"line":198,"column":33}}},"fnMap":{"0":{"name":"(anonymous_0)","decl":{"start":{"line":30,"column":27},"end":{"line":30,"column":32}},"loc":{"start":{"line":30,"column":70},"end":{"line":44,"column":1}}},"1":{"name":"(anonymous_1)","decl":{"start":{"line":51,"column":27},"end":{"line":51,"column":32}},"loc":{"start":{"line":53,"column":34},"end":{"line":66,"column":1}}},"2":{"name":"(anonymous_2)","decl":{"start":{"line":73,"column":34},"end":{"line":73,"column":39}},"loc":{"start":{"line":76,"column":19},"end":{"line":95,"column":1}}},"3":{"name":"(anonymous_3)","decl":{"start":{"line":102,"column":33},"end":{"line":102,"column":38}},"loc":{"start":{"line":105,"column":19},"end":{"line":124,"column":1}}},"4":{"name":"(anonymous_4)","decl":{"start":{"line":131,"column":34},"end":{"line":131,"column":39}},"loc":{"start":{"line":134,"column":19},"end":{"line":162,"column":1}}},"5":{"name":"(anonymous_5)","decl":{"start":{"line":168,"column":28},"end":{"line":168,"column":33}},"loc":{"start":{"line":170,"column":29},"end":{"line":191,"column":1}}},"6":{"name":"(anonymous_6)","decl":{"start":{"line":182,"column":26},"end":{"line":182,"column":27}},"loc":{"start":{"line":182,"column":34},"end":{"line":184,"column":5}}},"7":{"name":"(anonymous_7)","decl":{"start":{"line":198,"column":33},"end":{"line":198,"column":38}},"loc":{"start":{"line":198,"column":73},"end":{"line":212,"column":1}}}},"branchMap":{"0":{"loc":{"start":{"line":35,"column":4},"end":{"line":38,"column":5}},"type":"if","locations":[{"start":{"line":35,"column":4},"end":{"line":38,"column":5}}]},"1":{"loc":{"start":{"line":58,"column":4},"end":{"line":60,"column":5}},"type":"if","locations":[{"start":{"line":58,"column":4},"end":{"line":60,"column":5}}]},"2":{"loc":{"start":{"line":80,"column":4},"end":{"line":82,"column":5}},"type":"if","locations":[{"start":{"line":80,"column":4},"end":{"line":82,"column":5}}]},"3":{"loc":{"start":{"line":109,"column":4},"end":{"line":111,"column":5}},"type":"if","locations":[{"start":{"line":109,"column":4},"end":{"line":111,"column":5}}]},"4":{"loc":{"start":{"line":139,"column":4},"end":{"line":157,"column":5}},"type":"if","locations":[{"start":{"line":139,"column":4},"end":{"line":157,"column":5}},{"start":{"line":148,"column":11},"end":{"line":157,"column":5}}]},"5":{"loc":{"start":{"line":151,"column":6},"end":{"line":156,"column":7}},"type":"if","locations":[{"start":{"line":151,"column":6},"end":{"line":156,"column":7}}]},"6":{"loc":{"start":{"line":174,"column":4},"end":{"line":176,"column":5}},"type":"if","locations":[{"start":{"line":174,"column":4},"end":{"line":176,"column":5}}]}},"s":{"0":1,"1":1,"2":1,"3":0,"4":0,"5":0,"6":0,"7":0,"8":0,"9":0,"10":0,"11":0,"12":1,"13":1,"14":0,"15":0,"16":0,"17":0,"18":0,"19":0,"20":0,"21":0,"22":1,"23":1,"24":0,"25":0,"26":0,"27":0,"28":0,"29":0,"30":0,"31":0,"32":0,"33":1,"34":1,"35":0,"36":0,"37":0,"38":0,"39":0,"40":0,"41":0,"42":0,"43":0,"44":1,"45":1,"46":0,"47":0,"48":0,"49":0,"50":0,"51":0,"52":0,"53":0,"54":0,"55":0,"56":1,"57":1,"58":0,"59":0,"60":0,"61":0,"62":0,"63":0,"64":0,"65":0,"66":0,"67":0,"68":0,"69":0,"70":1,"71":1,"72":0,"73":0,"74":0,"75":0,"76":0,"77":0,"78":1},"f":{"0":0,"1":0,"2":0,"3":0,"4":0,"5":0,"6":0,"7":0},"b":{"0":[0],"1":[0],"2":[0],"3":[0],"4":[0,0],"5":[0],"6":[0]}}
,"/Users/Kimmiecub/Firebase Ecommerce App Pt. 2/luxe-store/src/utils/renderStars.tsx": {"path":"/Users/Kimmiecub/Firebase Ecommerce App Pt. 2/luxe-store/src/utils/renderStars.tsx","statementMap":{"0":{"start":{"line":8,"column":27},"end":{"line":19,"column":1}},"1":{"start":{"line":9,"column":2},"end":{"line":18,"column":5}},"2":{"start":{"line":10,"column":4},"end":{"line":11,"column":null}},"3":{"start":{"line":8,"column":13},"end":{"line":8,"column":27}}},"fnMap":{"0":{"name":"(anonymous_0)","decl":{"start":{"line":8,"column":27},"end":{"line":8,"column":28}},"loc":{"start":{"line":8,"column":68},"end":{"line":19,"column":1}}},"1":{"name":"(anonymous_1)","decl":{"start":{"line":9,"column":27},"end":{"line":9,"column":28}},"loc":{"start":{"line":10,"column":4},"end":{"line":11,"column":null}}}},"branchMap":{"0":{"loc":{"start":{"line":13,"column":8},"end":{"line":13,"column":null}},"type":"cond-expr","locations":[{"start":{"line":13,"column":33},"end":{"line":13,"column":42}},{"start":{"line":13,"column":45},"end":{"line":13,"column":null}}]},"1":{"loc":{"start":{"line":16,"column":7},"end":{"line":16,"column":41}},"type":"cond-expr","locations":[{"start":{"line":16,"column":32},"end":{"line":16,"column":35}},{"start":{"line":16,"column":38},"end":{"line":16,"column":41}}]}},"s":{"0":2,"1":58,"2":290,"3":2},"f":{"0":58,"1":290},"b":{"0":[234,56],"1":[234,56]}}
,"/Users/Kimmiecub/Firebase Ecommerce App Pt. 2/luxe-store/src/utils/userHelpers.ts": {"path":"/Users/Kimmiecub/Firebase Ecommerce App Pt. 2/luxe-store/src/utils/userHelpers.ts","statementMap":{"0":{"start":{"line":1,"column":0},"end":{"line":1,"column":null}},"1":{"start":{"line":13,"column":0},"end":{"line":13,"column":54}},"2":{"start":{"line":14,"column":0},"end":{"line":14,"column":39}},"3":{"start":{"line":30,"column":35},"end":{"line":42,"column":1}},"4":{"start":{"line":34,"column":18},"end":{"line":34,"column":44}},"5":{"start":{"line":35,"column":2},"end":{"line":41,"column":5}},"6":{"start":{"line":30,"column":13},"end":{"line":30,"column":35}},"7":{"start":{"line":44,"column":30},"end":{"line":59,"column":1}},"8":{"start":{"line":47,"column":2},"end":{"line":58,"column":3}},"9":{"start":{"line":48,"column":20},"end":{"line":48,"column":44}},"10":{"start":{"line":49,"column":21},"end":{"line":49,"column":42}},"11":{"start":{"line":51,"column":4},"end":{"line":53,"column":5}},"12":{"start":{"line":52,"column":6},"end":{"line":52,"column":44}},"13":{"start":{"line":54,"column":4},"end":{"line":54,"column":16}},"14":{"start":{"line":56,"column":4},"end":{"line":56,"column":57}},"15":{"start":{"line":57,"column":4},"end":{"line":57,"column":16}},"16":{"start":{"line":44,"column":13},"end":{"line":44,"column":30}},"17":{"start":{"line":61,"column":33},"end":{"line":93,"column":1}},"18":{"start":{"line":65,"column":2},"end":{"line":92,"column":3}},"19":{"start":{"line":66,"column":20},"end":{"line":66,"column":44}},"20":{"start":{"line":69,"column":21},"end":{"line":69,"column":42}},"21":{"start":{"line":71,"column":4},"end":{"line":86,"column":5}},"22":{"start":{"line":73,"column":6},"end":{"line":73,"column":65}},"23":{"start":{"line":74,"column":6},"end":{"line":79,"column":9}},"24":{"start":{"line":82,"column":6},"end":{"line":85,"column":9}},"25":{"start":{"line":88,"column":4},"end":{"line":88,"column":50}},"26":{"start":{"line":90,"column":4},"end":{"line":90,"column":54}},"27":{"start":{"line":91,"column":4},"end":{"line":91,"column":16}},"28":{"start":{"line":61,"column":13},"end":{"line":61,"column":33}},"29":{"start":{"line":95,"column":33},"end":{"line":139,"column":1}},"30":{"start":{"line":99,"column":2},"end":{"line":138,"column":3}},"31":{"start":{"line":101,"column":20},"end":{"line":101,"column":44}},"32":{"start":{"line":102,"column":4},"end":{"line":102,"column":29}},"33":{"start":{"line":103,"column":4},"end":{"line":103,"column":66}},"34":{"start":{"line":106,"column":24},"end":{"line":108,"column":null}},"35":{"start":{"line":110,"column":27},"end":{"line":110,"column":53}},"36":{"start":{"line":111,"column":33},"end":{"line":112,"column":null}},"37":{"start":{"line":112,"column":6},"end":{"line":112,"column":24}},"38":{"start":{"line":114,"column":4},"end":{"line":114,"column":44}},"39":{"start":{"line":115,"column":4},"end":{"line":115,"column":56}},"40":{"start":{"line":118,"column":4},"end":{"line":132,"column":5}},"41":{"start":{"line":119,"column":6},"end":{"line":131,"column":7}},"42":{"start":{"line":120,"column":8},"end":{"line":120,"column":39}},"43":{"start":{"line":121,"column":8},"end":{"line":121,"column":65}},"44":{"start":{"line":124,"column":22},"end":{"line":124,"column":57}},"45":{"start":{"line":125,"column":8},"end":{"line":129,"column":9}},"46":{"start":{"line":126,"column":10},"end":{"line":128,"column":12}},"47":{"start":{"line":130,"column":8},"end":{"line":130,"column":24}},"48":{"start":{"line":134,"column":4},"end":{"line":134,"column":53}},"49":{"start":{"line":136,"column":4},"end":{"line":136,"column":59}},"50":{"start":{"line":137,"column":4},"end":{"line":137,"column":16}},"51":{"start":{"line":95,"column":13},"end":{"line":95,"column":33}}},"fnMap":{"0":{"name":"(anonymous_0)","decl":{"start":{"line":30,"column":35},"end":{"line":30,"column":40}},"loc":{"start":{"line":33,"column":4},"end":{"line":42,"column":1}}},"1":{"name":"(anonymous_1)","decl":{"start":{"line":44,"column":30},"end":{"line":44,"column":35}},"loc":{"start":{"line":46,"column":33},"end":{"line":59,"column":1}}},"2":{"name":"(anonymous_2)","decl":{"start":{"line":61,"column":33},"end":{"line":61,"column":38}},"loc":{"start":{"line":64,"column":4},"end":{"line":93,"column":1}}},"3":{"name":"(anonymous_3)","decl":{"start":{"line":95,"column":33},"end":{"line":95,"column":38}},"loc":{"start":{"line":98,"column":4},"end":{"line":139,"column":1}}},"4":{"name":"(anonymous_4)","decl":{"start":{"line":111,"column":57},"end":{"line":111,"column":58}},"loc":{"start":{"line":112,"column":6},"end":{"line":112,"column":24}}}},"branchMap":{"0":{"loc":{"start":{"line":51,"column":4},"end":{"line":53,"column":5}},"type":"if","locations":[{"start":{"line":51,"column":4},"end":{"line":53,"column":5}}]},"1":{"loc":{"start":{"line":71,"column":4},"end":{"line":86,"column":5}},"type":"if","locations":[{"start":{"line":71,"column":4},"end":{"line":86,"column":5}},{"start":{"line":80,"column":11},"end":{"line":86,"column":5}}]},"2":{"loc":{"start":{"line":118,"column":4},"end":{"line":132,"column":5}},"type":"if","locations":[{"start":{"line":118,"column":4},"end":{"line":132,"column":5}}]},"3":{"loc":{"start":{"line":125,"column":8},"end":{"line":129,"column":9}},"type":"if","locations":[{"start":{"line":125,"column":8},"end":{"line":129,"column":9}}]}},"s":{"0":0,"1":0,"2":0,"3":0,"4":0,"5":0,"6":0,"7":0,"8":0,"9":0,"10":0,"11":0,"12":0,"13":0,"14":0,"15":0,"16":0,"17":0,"18":0,"19":0,"20":0,"21":0,"22":0,"23":0,"24":0,"25":0,"26":0,"27":0,"28":0,"29":0,"30":0,"31":0,"32":0,"33":0,"34":0,"35":0,"36":0,"37":0,"38":0,"39":0,"40":0,"41":0,"42":0,"43":0,"44":0,"45":0,"46":0,"47":0,"48":0,"49":0,"50":0,"51":0},"f":{"0":0,"1":0,"2":0,"3":0,"4":0},"b":{"0":[0],"1":[0,0],"2":[0],"3":[0]}}
}
