TN:
SF:src/App.tsx
FN:33,(anonymous_1)
FN:41,(anonymous_2)
FN:87,App
FNF:3
FNH:0
FNDA:0,(anonymous_1)
FNDA:0,(anonymous_2)
FNDA:0,App
DA:1,0
DA:2,0
DA:3,0
DA:4,0
DA:5,0
DA:6,0
DA:7,0
DA:8,0
DA:9,0
DA:10,0
DA:11,0
DA:12,0
DA:15,0
DA:16,0
DA:17,0
DA:18,0
DA:19,0
DA:20,0
DA:21,0
DA:22,0
DA:24,0
DA:33,0
DA:34,0
DA:41,0
DA:42,0
DA:43,0
DA:45,0
DA:46,0
DA:50,0
DA:51,0
DA:61,0
DA:88,0
DA:101,0
LF:33
LH:0
BRDA:45,0,0,0
BRDA:50,1,0,0
BRF:2
BRH:0
end_of_record
TN:
SF:src/login.tsx
FN:12,(anonymous_0)
FN:21,(anonymous_1)
FN:33,(anonymous_2)
FN:44,(anonymous_3)
FN:67,(anonymous_4)
FN:107,(anonymous_5)
FN:119,(anonymous_6)
FN:125,(anonymous_7)
FNF:8
FNH:6
FNDA:91,(anonymous_0)
FNDA:2,(anonymous_1)
FNDA:1,(anonymous_2)
FNDA:2,(anonymous_3)
FNDA:0,(anonymous_4)
FNDA:48,(anonymous_5)
FNDA:35,(anonymous_6)
FNDA:0,(anonymous_7)
DA:1,1
DA:2,1
DA:4,1
DA:5,1
DA:6,1
DA:12,1
DA:13,91
DA:14,91
DA:15,91
DA:16,91
DA:17,91
DA:18,91
DA:19,91
DA:21,91
DA:22,2
DA:23,0
DA:24,0
DA:26,2
DA:27,0
DA:28,0
DA:30,2
DA:33,91
DA:34,1
DA:41,1
DA:44,91
DA:45,2
DA:46,2
DA:48,2
DA:50,2
DA:51,2
DA:52,2
DA:53,1
DA:54,1
DA:55,1
DA:58,1
DA:59,1
DA:60,1
DA:61,1
DA:63,2
DA:67,91
DA:68,0
DA:69,0
DA:70,0
DA:72,0
DA:73,0
DA:74,0
DA:79,91
DA:80,0
DA:93,91
DA:107,48
DA:119,35
DA:125,0
DA:194,1
LF:53
LH:41
BRDA:22,0,0,0
BRDA:22,1,0,2
BRDA:22,1,1,2
BRDA:26,2,0,0
BRDA:41,3,0,1
BRDA:41,3,1,1
BRDA:48,4,0,0
BRDA:79,5,0,0
BRDA:115,6,0,0
BRDA:115,6,1,91
BRDA:134,7,0,2
BRDA:134,7,1,89
BRDA:136,8,0,2
BRDA:136,8,1,89
BRDA:140,9,0,0
BRDA:140,9,1,91
BRDA:149,10,0,2
BRDA:149,10,1,89
BRDA:152,11,0,91
BRDA:152,11,1,1
BRDA:155,12,0,1
BRDA:155,12,1,0
BRF:22
BRH:15
end_of_record
TN:
SF:src/migrateProducts.ts
FN:5,(anonymous_0)
FN:15,(anonymous_1)
FN:29,(anonymous_2)
FN:45,(anonymous_3)
FN:48,(anonymous_4)
FN:51,(anonymous_5)
FNF:6
FNH:0
FNDA:0,(anonymous_0)
FNDA:0,(anonymous_1)
FNDA:0,(anonymous_2)
FNDA:0,(anonymous_3)
FNDA:0,(anonymous_4)
FNDA:0,(anonymous_5)
DA:1,0
DA:2,0
DA:5,0
DA:6,0
DA:7,0
DA:8,0
DA:10,0
DA:11,0
DA:15,0
DA:18,0
DA:19,0
DA:20,0
DA:21,0
DA:22,0
DA:25,0
DA:27,0
DA:28,0
DA:29,0
DA:30,0
DA:36,0
DA:37,0
DA:38,0
DA:40,0
DA:41,0
DA:45,0
DA:46,0
DA:47,0
DA:49,0
DA:52,0
LF:29
LH:0
BRDA:21,0,0,0
BRF:1
BRH:0
end_of_record
TN:
SF:src/AdminDashboard/OrderHistory.tsx
FN:38,(anonymous_0)
FN:45,(anonymous_1)
FN:46,(anonymous_2)
FN:62,(anonymous_3)
FN:99,(anonymous_4)
FN:110,(anonymous_5)
FN:121,(anonymous_6)
FN:123,(anonymous_7)
FN:158,(anonymous_8)
FN:214,(anonymous_9)
FN:227,(anonymous_10)
FN:239,(anonymous_11)
FN:284,(anonymous_12)
FNF:13
FNH:0
FNDA:0,(anonymous_0)
FNDA:0,(anonymous_1)
FNDA:0,(anonymous_2)
FNDA:0,(anonymous_3)
FNDA:0,(anonymous_4)
FNDA:0,(anonymous_5)
FNDA:0,(anonymous_6)
FNDA:0,(anonymous_7)
FNDA:0,(anonymous_8)
FNDA:0,(anonymous_9)
FNDA:0,(anonymous_10)
FNDA:0,(anonymous_11)
FNDA:0,(anonymous_12)
DA:1,0
DA:2,0
DA:3,0
DA:4,0
DA:38,0
DA:39,0
DA:40,0
DA:41,0
DA:42,0
DA:43,0
DA:45,0
DA:46,0
DA:47,0
DA:48,0
DA:49,0
DA:50,0
DA:53,0
DA:54,0
DA:55,0
DA:61,0
DA:62,0
DA:63,0
DA:64,0
DA:71,0
DA:73,0
DA:74,0
DA:77,0
DA:78,0
DA:79,0
DA:80,0
DA:81,0
DA:84,0
DA:85,0
DA:87,0
DA:90,0
DA:92,0
DA:96,0
DA:99,0
DA:100,0
DA:107,0
DA:110,0
DA:111,0
DA:112,0
DA:115,0
DA:121,0
DA:122,0
DA:123,0
DA:126,0
DA:129,0
DA:130,0
DA:140,0
DA:141,0
DA:158,0
DA:169,0
DA:170,0
DA:178,0
DA:179,0
DA:195,0
DA:214,0
DA:227,0
DA:240,0
DA:285,0
DA:384,0
LF:63
LH:0
BRDA:47,0,0,0
BRDA:67,1,0,0
BRDA:67,1,1,0
BRDA:74,2,0,0
BRDA:74,2,1,0
BRDA:77,3,0,0
BRDA:77,3,1,0
BRDA:79,4,0,0
BRDA:79,4,1,0
BRDA:84,5,0,0
BRDA:84,5,1,0
BRDA:107,6,0,0
BRDA:107,6,1,0
BRDA:111,7,0,0
BRDA:111,7,1,0
BRDA:129,8,0,0
BRDA:140,9,0,0
BRDA:169,10,0,0
BRDA:178,11,0,0
BRDA:227,12,0,0
BRDA:227,12,1,0
BRF:21
BRH:0
end_of_record
TN:
SF:src/AdminDashboard/ProductManagement.tsx
FN:21,(anonymous_1)
FN:40,(anonymous_2)
FN:41,(anonymous_3)
FN:62,(anonymous_4)
FN:66,(anonymous_5)
FN:79,(anonymous_6)
FN:129,(anonymous_7)
FN:151,(anonymous_8)
FN:164,(anonymous_9)
FN:172,(anonymous_10)
FN:172,(anonymous_11)
FN:180,(anonymous_12)
FN:191,(anonymous_13)
FN:202,(anonymous_14)
FN:209,(anonymous_15)
FN:220,(anonymous_16)
FN:229,(anonymous_17)
FN:234,(anonymous_18)
FN:237,(anonymous_19)
FN:294,(anonymous_20)
FN:313,(anonymous_21)
FN:316,(anonymous_22)
FN:497,(anonymous_23)
FN:530,(anonymous_24)
FN:536,(anonymous_25)
FN:557,(anonymous_26)
FNF:26
FNH:0
FNDA:0,(anonymous_1)
FNDA:0,(anonymous_2)
FNDA:0,(anonymous_3)
FNDA:0,(anonymous_4)
FNDA:0,(anonymous_5)
FNDA:0,(anonymous_6)
FNDA:0,(anonymous_7)
FNDA:0,(anonymous_8)
FNDA:0,(anonymous_9)
FNDA:0,(anonymous_10)
FNDA:0,(anonymous_11)
FNDA:0,(anonymous_12)
FNDA:0,(anonymous_13)
FNDA:0,(anonymous_14)
FNDA:0,(anonymous_15)
FNDA:0,(anonymous_16)
FNDA:0,(anonymous_17)
FNDA:0,(anonymous_18)
FNDA:0,(anonymous_19)
FNDA:0,(anonymous_20)
FNDA:0,(anonymous_21)
FNDA:0,(anonymous_22)
FNDA:0,(anonymous_23)
FNDA:0,(anonymous_24)
FNDA:0,(anonymous_25)
FNDA:0,(anonymous_26)
DA:1,0
DA:2,0
DA:10,0
DA:11,0
DA:12,0
DA:13,0
DA:14,0
DA:19,0
DA:21,0
DA:22,0
DA:23,0
DA:24,0
DA:25,0
DA:26,0
DA:27,0
DA:28,0
DA:29,0
DA:36,0
DA:37,0
DA:40,0
DA:41,0
DA:42,0
DA:43,0
DA:44,0
DA:45,0
DA:48,0
DA:49,0
DA:50,0
DA:52,0
DA:53,0
DA:55,0
DA:59,0
DA:62,0
DA:63,0
DA:64,0
DA:65,0
DA:66,0
DA:70,0
DA:72,0
DA:73,0
DA:75,0
DA:79,0
DA:80,0
DA:81,0
DA:82,0
DA:83,0
DA:84,0
DA:85,0
DA:97,0
DA:109,0
DA:110,0
DA:111,0
DA:112,0
DA:113,0
DA:115,0
DA:116,0
DA:117,0
DA:118,0
DA:119,0
DA:120,0
DA:125,0
DA:129,0
DA:130,0
DA:131,0
DA:133,0
DA:134,0
DA:135,0
DA:136,0
DA:144,0
DA:145,0
DA:146,0
DA:147,0
DA:148,0
DA:150,0
DA:151,0
DA:155,0
DA:157,0
DA:158,0
DA:160,0
DA:164,0
DA:165,0
DA:166,0
DA:168,0
DA:169,0
DA:170,0
DA:172,0
DA:173,0
DA:175,0
DA:176,0
DA:180,0
DA:181,0
DA:182,0
DA:188,0
DA:191,0
DA:192,0
DA:193,0
DA:194,0
DA:202,0
DA:207,0
DA:209,0
DA:220,0
DA:221,0
DA:222,0
DA:223,0
DA:225,0
DA:229,0
DA:230,0
DA:233,0
DA:234,0
DA:237,0
DA:239,0
DA:240,0
DA:252,0
DA:253,0
DA:268,0
DA:269,0
DA:281,0
DA:294,0
DA:313,0
DA:317,0
DA:498,0
DA:530,0
DA:536,0
DA:557,0
DA:567,0
LF:125
LH:0
BRDA:42,0,0,0
BRDA:121,1,0,0
BRDA:121,1,1,0
BRDA:131,2,0,0
BRDA:165,3,0,0
BRDA:212,4,0,0
BRDA:212,4,1,0
BRDA:214,5,0,0
BRDA:214,5,1,0
BRDA:215,6,0,0
BRDA:215,6,1,0
BRDA:222,7,0,0
BRDA:222,7,1,0
BRDA:233,8,0,0
BRDA:233,8,1,0
BRDA:239,9,0,0
BRDA:252,10,0,0
BRDA:268,11,0,0
BRDA:268,12,0,0
BRDA:268,12,1,0
BRDA:332,13,0,0
BRDA:332,13,1,0
BRDA:341,14,0,0
BRDA:341,14,1,0
BRDA:420,15,0,0
BRDA:420,15,1,0
BRDA:478,16,0,0
BRDA:478,16,1,0
BRDA:481,17,0,0
BRDA:481,17,1,0
BRDA:483,18,0,0
BRDA:483,18,1,0
BRDA:548,19,0,0
BRDA:548,19,1,0
BRDA:548,19,2,0
BRDA:553,20,0,0
BRDA:553,20,1,0
BRF:37
BRH:0
end_of_record
TN:
SF:src/AdminDashboard/UserProfile.tsx
FN:20,(anonymous_1)
FN:37,(anonymous_2)
FN:38,(anonymous_3)
FN:64,(anonymous_4)
FN:66,(anonymous_5)
FN:69,(anonymous_6)
FN:111,(anonymous_7)
FN:126,(anonymous_8)
FN:257,(anonymous_9)
FN:267,(anonymous_10)
FN:286,(anonymous_11)
FNF:11
FNH:0
FNDA:0,(anonymous_1)
FNDA:0,(anonymous_2)
FNDA:0,(anonymous_3)
FNDA:0,(anonymous_4)
FNDA:0,(anonymous_5)
FNDA:0,(anonymous_6)
FNDA:0,(anonymous_7)
FNDA:0,(anonymous_8)
FNDA:0,(anonymous_9)
FNDA:0,(anonymous_10)
FNDA:0,(anonymous_11)
DA:1,0
DA:2,0
DA:3,0
DA:8,0
DA:9,0
DA:20,0
DA:21,0
DA:22,0
DA:23,0
DA:24,0
DA:25,0
DA:26,0
DA:27,0
DA:37,0
DA:38,0
DA:39,0
DA:41,0
DA:42,0
DA:43,0
DA:44,0
DA:45,0
DA:55,0
DA:57,0
DA:61,0
DA:64,0
DA:65,0
DA:66,0
DA:69,0
DA:70,0
DA:73,0
DA:74,0
DA:75,0
DA:78,0
DA:79,0
DA:80,0
DA:82,0
DA:91,0
DA:94,0
DA:95,0
DA:96,0
DA:97,0
DA:100,0
DA:101,0
DA:103,0
DA:104,0
DA:105,0
DA:107,0
DA:111,0
DA:113,0
DA:114,0
DA:123,0
DA:126,0
DA:127,0
DA:130,0
DA:139,0
DA:142,0
DA:146,0
DA:147,0
DA:148,0
DA:152,0
DA:157,0
DA:158,0
DA:159,0
DA:162,0
DA:164,0
DA:165,0
DA:166,0
DA:169,0
DA:170,0
DA:171,0
DA:172,0
DA:175,0
DA:176,0
DA:177,0
DA:180,0
DA:181,0
DA:182,0
DA:184,0
DA:189,0
DA:190,0
DA:192,0
DA:195,0
DA:196,0
DA:197,0
DA:198,0
DA:201,0
DA:202,0
DA:203,0
DA:204,0
DA:205,0
DA:206,0
DA:209,0
DA:210,0
DA:212,0
DA:219,0
DA:220,0
DA:229,0
DA:230,0
DA:240,0
DA:257,0
DA:267,0
DA:286,0
DA:540,0
LF:103
LH:0
BRDA:39,0,0,0
BRDA:43,1,0,0
BRDA:46,2,0,0
BRDA:46,2,1,0
BRDA:47,3,0,0
BRDA:47,3,1,0
BRDA:48,4,0,0
BRDA:48,4,1,0
BRDA:49,5,0,0
BRDA:49,5,1,0
BRDA:50,6,0,0
BRDA:50,6,1,0
BRDA:51,7,0,0
BRDA:51,7,1,0
BRDA:70,8,0,0
BRDA:73,9,0,0
BRDA:73,10,0,0
BRDA:73,10,1,0
BRDA:95,11,0,0
BRDA:105,12,0,0
BRDA:105,12,1,0
BRDA:113,13,0,0
BRDA:115,14,0,0
BRDA:115,14,1,0
BRDA:116,15,0,0
BRDA:116,15,1,0
BRDA:117,16,0,0
BRDA:117,16,1,0
BRDA:118,17,0,0
BRDA:118,17,1,0
BRDA:119,18,0,0
BRDA:119,18,1,0
BRDA:120,19,0,0
BRDA:120,19,1,0
BRDA:127,20,0,0
BRDA:139,21,0,0
BRDA:146,22,0,0
BRDA:157,23,0,0
BRDA:164,24,0,0
BRDA:189,25,0,0
BRDA:189,25,1,0
BRDA:201,26,0,0
BRDA:201,26,1,0
BRDA:203,27,0,0
BRDA:203,27,1,0
BRDA:205,28,0,0
BRDA:205,28,1,0
BRDA:209,29,0,0
BRDA:209,29,1,0
BRDA:213,30,0,0
BRDA:213,30,1,0
BRDA:219,31,0,0
BRDA:229,32,0,0
BRDA:256,33,0,0
BRDA:256,33,1,0
BRDA:266,34,0,0
BRDA:266,34,1,0
BRDA:277,35,0,0
BRDA:277,35,1,0
BRDA:283,36,0,0
BRDA:283,36,1,0
BRDA:294,37,0,0
BRDA:294,37,1,0
BRDA:318,38,0,0
BRDA:318,38,1,0
BRDA:326,39,0,0
BRDA:326,39,1,0
BRDA:337,40,0,0
BRDA:337,40,1,0
BRDA:348,41,0,0
BRDA:348,41,1,0
BRDA:356,42,0,0
BRDA:356,42,1,0
BRDA:367,43,0,0
BRDA:367,43,1,0
BRDA:375,44,0,0
BRDA:375,44,1,0
BRDA:478,45,0,0
BRDA:478,45,1,0
BRDA:535,46,0,0
BRDA:535,46,1,0
BRF:81
BRH:0
end_of_record
TN:
SF:src/AdminDashboard/orderManagement.ts
FN:5,(anonymous_0)
FNF:1
FNH:0
FNDA:0,(anonymous_0)
DA:1,0
DA:2,0
DA:5,0
DA:8,0
DA:9,0
DA:10,0
DA:12,0
DA:13,0
LF:8
LH:0
BRF:0
BRH:0
end_of_record
TN:
SF:src/FirebaseAuth/AddDataForm.tsx
FN:17,(anonymous_0)
FN:24,(anonymous_1)
FN:47,(anonymous_2)
FN:50,(anonymous_3)
FN:53,(anonymous_4)
FN:57,(anonymous_5)
FNF:6
FNH:0
FNDA:0,(anonymous_0)
FNDA:0,(anonymous_1)
FNDA:0,(anonymous_2)
FNDA:0,(anonymous_3)
FNDA:0,(anonymous_4)
FNDA:0,(anonymous_5)
DA:1,0
DA:2,0
DA:3,0
DA:4,0
DA:17,0
DA:18,0
DA:19,0
DA:20,0
DA:21,0
DA:24,0
DA:25,0
DA:27,0
DA:28,0
DA:29,0
DA:30,0
DA:31,0
DA:32,0
DA:35,0
DA:36,0
DA:37,0
DA:38,0
DA:39,0
DA:40,0
DA:43,0
DA:44,0
DA:47,0
DA:48,0
DA:49,0
DA:50,0
DA:52,0
DA:53,0
DA:57,0
DA:58,0
DA:60,0
DA:61,0
DA:62,0
DA:65,0
DA:66,0
DA:67,0
DA:72,0
DA:73,0
DA:76,0
DA:77,0
DA:78,0
DA:80,0
DA:84,0
DA:132,0
LF:47
LH:0
BRDA:27,0,0,0
BRDA:27,0,1,0
BRDA:29,1,0,0
BRDA:29,1,1,0
BRDA:31,2,0,0
BRDA:35,3,0,0
BRDA:35,3,1,0
BRDA:35,4,0,0
BRDA:35,4,1,0
BRDA:37,5,0,0
BRDA:37,5,1,0
BRDA:39,6,0,0
BRDA:49,7,0,0
BRDA:49,7,1,0
BRDA:49,8,0,0
BRDA:49,8,1,0
BRDA:52,9,0,0
BRDA:60,10,0,0
BRDA:76,11,0,0
BRDA:76,11,1,0
BRDA:95,12,0,0
BRDA:95,12,1,0
BRDA:98,13,0,0
BRDA:98,13,1,0
BRDA:115,14,0,0
BRDA:115,14,1,0
BRDA:118,15,0,0
BRDA:118,15,1,0
BRDA:126,16,0,0
BRDA:126,16,1,0
BRF:30
BRH:0
end_of_record
TN:
SF:src/FirebaseAuth/register.tsx
FN:12,(anonymous_0)
FN:22,(anonymous_1)
FN:42,(anonymous_2)
FN:51,(anonymous_3)
FN:110,(anonymous_4)
FN:126,(anonymous_5)
FN:131,(anonymous_6)
FN:160,(anonymous_7)
FN:165,(anonymous_8)
FNF:9
FNH:0
FNDA:0,(anonymous_0)
FNDA:0,(anonymous_1)
FNDA:0,(anonymous_2)
FNDA:0,(anonymous_3)
FNDA:0,(anonymous_4)
FNDA:0,(anonymous_5)
FNDA:0,(anonymous_6)
FNDA:0,(anonymous_7)
FNDA:0,(anonymous_8)
DA:1,0
DA:2,0
DA:4,0
DA:5,0
DA:6,0
DA:12,0
DA:13,0
DA:14,0
DA:15,0
DA:16,0
DA:17,0
DA:18,0
DA:19,0
DA:20,0
DA:22,0
DA:23,0
DA:24,0
DA:25,0
DA:27,0
DA:28,0
DA:29,0
DA:31,0
DA:32,0
DA:33,0
DA:35,0
DA:36,0
DA:37,0
DA:39,0
DA:42,0
DA:43,0
DA:48,0
DA:51,0
DA:52,0
DA:53,0
DA:55,0
DA:57,0
DA:58,0
DA:59,0
DA:61,0
DA:62,0
DA:63,0
DA:64,0
DA:66,0
DA:67,0
DA:68,0
DA:69,0
DA:71,0
DA:75,0
DA:110,0
DA:126,0
DA:131,0
DA:160,0
DA:165,0
DA:214,0
LF:54
LH:0
BRDA:23,0,0,0
BRDA:23,1,0,0
BRDA:23,1,1,0
BRDA:23,1,2,0
BRDA:27,2,0,0
BRDA:31,3,0,0
BRDA:35,4,0,0
BRDA:48,5,0,0
BRDA:48,5,1,0
BRDA:55,6,0,0
BRDA:94,7,0,0
BRDA:94,7,1,0
BRDA:122,8,0,0
BRDA:122,8,1,0
BRDA:144,9,0,0
BRDA:144,9,1,0
BRDA:156,10,0,0
BRDA:156,10,1,0
BRDA:178,11,0,0
BRDA:178,11,1,0
BRDA:188,12,0,0
BRDA:188,12,1,0
BRF:22
BRH:0
end_of_record
TN:
SF:src/api/products.ts
FN:1,(anonymous_0)
FN:1,(anonymous_1)
FNF:2
FNH:0
FNDA:0,(anonymous_0)
FNDA:0,(anonymous_1)
DA:1,0
LF:1
LH:0
BRF:0
BRH:0
end_of_record
TN:
SF:src/components/CategoryFilter.tsx
FN:8,(anonymous_0)
FN:10,(anonymous_1)
FN:33,(anonymous_2)
FN:35,(anonymous_3)
FNF:4
FNH:3
FNDA:4,(anonymous_0)
FNDA:0,(anonymous_1)
FNDA:4,(anonymous_2)
FNDA:20,(anonymous_3)
DA:8,1
DA:12,4
DA:20,4
DA:33,4
DA:36,20
DA:48,1
LF:6
LH:6
BRDA:9,0,0,0
BRDA:10,1,0,0
BRDA:38,2,0,4
BRDA:38,2,1,16
BRF:4
BRH:2
end_of_record
TN:
SF:src/components/Checkout.tsx
FN:25,(anonymous_1)
FN:29,(anonymous_2)
FN:33,(anonymous_3)
FN:51,(anonymous_4)
FN:53,(anonymous_5)
FN:59,(anonymous_6)
FN:66,(anonymous_7)
FN:85,(anonymous_8)
FN:104,(anonymous_9)
FN:139,(anonymous_10)
FN:348,(anonymous_11)
FNF:11
FNH:0
FNDA:0,(anonymous_1)
FNDA:0,(anonymous_2)
FNDA:0,(anonymous_3)
FNDA:0,(anonymous_4)
FNDA:0,(anonymous_5)
FNDA:0,(anonymous_6)
FNDA:0,(anonymous_7)
FNDA:0,(anonymous_8)
FNDA:0,(anonymous_9)
FNDA:0,(anonymous_10)
FNDA:0,(anonymous_11)
DA:1,0
DA:2,0
DA:3,0
DA:4,0
DA:5,0
DA:6,0
DA:7,0
DA:9,0
DA:25,0
DA:26,0
DA:27,0
DA:28,0
DA:29,0
DA:32,0
DA:33,0
DA:36,0
DA:37,0
DA:39,0
DA:48,0
DA:49,0
DA:51,0
DA:52,0
DA:53,0
DA:58,0
DA:59,0
DA:66,0
DA:67,0
DA:69,0
DA:70,0
DA:71,0
DA:72,0
DA:73,0
DA:74,0
DA:75,0
DA:77,0
DA:78,0
DA:79,0
DA:81,0
DA:82,0
DA:85,0
DA:86,0
DA:88,0
DA:89,0
DA:90,0
DA:93,0
DA:94,0
DA:95,0
DA:98,0
DA:99,0
DA:101,0
DA:102,0
DA:104,0
DA:127,0
DA:128,0
DA:129,0
DA:130,0
DA:131,0
DA:133,0
DA:134,0
DA:135,0
DA:139,0
DA:141,0
DA:349,0
DA:426,0
LF:64
LH:0
BRDA:58,0,0,0
BRDA:69,1,0,0
BRDA:71,2,0,0
BRDA:72,3,0,0
BRDA:72,3,1,0
BRDA:74,4,0,0
BRDA:77,5,0,0
BRDA:78,6,0,0
BRDA:79,7,0,0
BRDA:88,8,0,0
BRDA:93,9,0,0
BRDA:170,10,0,0
BRDA:170,10,1,0
BRDA:174,11,0,0
BRDA:174,11,1,0
BRDA:193,12,0,0
BRDA:193,12,1,0
BRDA:197,13,0,0
BRDA:197,13,1,0
BRDA:218,14,0,0
BRDA:218,14,1,0
BRDA:222,15,0,0
BRDA:222,15,1,0
BRDA:242,16,0,0
BRDA:242,16,1,0
BRDA:246,17,0,0
BRDA:246,17,1,0
BRDA:267,18,0,0
BRDA:267,18,1,0
BRDA:271,19,0,0
BRDA:271,19,1,0
BRDA:290,20,0,0
BRDA:290,20,1,0
BRDA:294,21,0,0
BRDA:294,21,1,0
BRDA:316,22,0,0
BRDA:316,22,1,0
BRF:37
BRH:0
end_of_record
TN:
SF:src/components/CheckoutSuccess.tsx
FN:7,(anonymous_0)
FNF:1
FNH:0
FNDA:0,(anonymous_0)
DA:7,0
DA:10,0
DA:57,0
LF:3
LH:0
BRF:0
BRH:0
end_of_record
TN:
SF:src/components/ErrorBoundary.tsx
FN:20,(anonymous_1)
FN:25,(anonymous_2)
FN:29,(anonymous_3)
FN:34,(anonymous_4)
FN:59,(anonymous_5)
FNF:5
FNH:0
FNDA:0,(anonymous_1)
FNDA:0,(anonymous_2)
FNDA:0,(anonymous_3)
FNDA:0,(anonymous_4)
FNDA:0,(anonymous_5)
DA:1,0
DA:21,0
DA:22,0
DA:26,0
DA:31,0
DA:35,0
DA:36,0
DA:59,0
DA:71,0
DA:75,0
LF:10
LH:0
BRDA:35,0,0,0
BRDA:49,1,0,0
BRDA:49,1,1,0
BRDA:49,1,2,0
BRF:4
BRH:0
end_of_record
TN:
SF:src/components/Header.tsx
FN:11,(anonymous_0)
FN:15,(anonymous_1)
FN:17,(anonymous_2)
FN:21,(anonymous_3)
FN:30,(anonymous_4)
FN:37,(anonymous_5)
FN:63,(anonymous_6)
FN:77,(anonymous_7)
FN:91,(anonymous_8)
FN:125,(anonymous_9)
FN:134,(anonymous_10)
FN:137,(anonymous_11)
FNF:12
FNH:0
FNDA:0,(anonymous_0)
FNDA:0,(anonymous_1)
FNDA:0,(anonymous_2)
FNDA:0,(anonymous_3)
FNDA:0,(anonymous_4)
FNDA:0,(anonymous_5)
FNDA:0,(anonymous_6)
FNDA:0,(anonymous_7)
FNDA:0,(anonymous_8)
FNDA:0,(anonymous_9)
FNDA:0,(anonymous_10)
FNDA:0,(anonymous_11)
DA:2,0
DA:3,0
DA:4,0
DA:11,0
DA:12,0
DA:13,0
DA:14,0
DA:15,0
DA:16,0
DA:17,0
DA:21,0
DA:22,0
DA:23,0
DA:24,0
DA:26,0
DA:30,0
DA:32,0
DA:37,0
DA:63,0
DA:77,0
DA:91,0
DA:125,0
DA:135,0
DA:137,0
DA:138,0
DA:141,0
DA:178,0
LF:27
LH:0
BRDA:61,0,0,0
BRDA:61,0,1,0
BRDA:71,1,0,0
BRDA:71,1,1,0
BRDA:75,2,0,0
BRDA:75,2,1,0
BRDA:89,3,0,0
BRDA:89,3,1,0
BRDA:95,4,0,0
BRDA:95,4,1,0
BRDA:104,5,0,0
BRDA:104,5,1,0
BRF:12
BRH:0
end_of_record
TN:
SF:src/components/Home.tsx
FN:9,(anonymous_1)
FN:15,(anonymous_2)
FN:16,(anonymous_3)
FN:33,(anonymous_4)
FN:85,(anonymous_5)
FN:128,(anonymous_6)
FNF:6
FNH:0
FNDA:0,(anonymous_1)
FNDA:0,(anonymous_2)
FNDA:0,(anonymous_3)
FNDA:0,(anonymous_4)
FNDA:0,(anonymous_5)
FNDA:0,(anonymous_6)
DA:1,0
DA:2,0
DA:3,0
DA:5,0
DA:6,0
DA:9,0
DA:10,0
DA:11,0
DA:12,0
DA:13,0
DA:15,0
DA:16,0
DA:17,0
DA:18,0
DA:20,0
DA:23,0
DA:24,0
DA:29,0
DA:32,0
DA:33,0
DA:38,0
DA:40,0
DA:41,0
DA:43,0
DA:47,0
DA:50,0
DA:51,0
DA:70,0
DA:71,0
DA:85,0
DA:94,0
DA:129,0
DA:153,0
LF:33
LH:0
BRDA:23,0,0,0
BRDA:23,0,1,0
BRDA:50,1,0,0
BRDA:61,2,0,0
BRDA:61,2,1,0
BRDA:70,3,0,0
BRDA:113,4,0,0
BRDA:113,4,1,0
BRDA:126,5,0,0
BRDA:126,5,1,0
BRDA:126,6,0,0
BRDA:126,6,1,0
BRDA:142,7,0,0
BRDA:142,7,1,0
BRF:14
BRH:0
end_of_record
TN:
SF:src/components/ProductCard.tsx
FN:13,(anonymous_1)
FN:19,(anonymous_2)
FN:99,(anonymous_3)
FN:178,(anonymous_4)
FNF:4
FNH:3
FNDA:30,(anonymous_1)
FNDA:12,(anonymous_2)
FNDA:1,(anonymous_3)
FNDA:0,(anonymous_4)
DA:1,2
DA:2,2
DA:3,2
DA:4,2
DA:5,2
DA:6,2
DA:13,2
DA:14,30
DA:15,30
DA:16,30
DA:17,30
DA:19,30
DA:20,12
DA:21,12
DA:24,30
DA:25,30
DA:27,30
DA:99,1
DA:178,0
DA:192,2
LF:20
LH:19
BRDA:17,0,0,30
BRDA:17,0,1,1
BRDA:24,1,0,30
BRDA:24,1,1,1
BRDA:29,2,0,1
BRDA:29,2,1,29
BRDA:71,3,0,29
BRDA:71,3,1,1
BRDA:152,4,0,29
BRDA:152,4,1,1
BRDA:158,5,0,30
BRDA:158,5,1,29
BRF:12
BRH:12
end_of_record
TN:
SF:src/components/ProductImage.tsx
FN:17,(anonymous_1)
FN:31,(anonymous_2)
FNF:2
FNH:1
FNDA:30,(anonymous_1)
FNDA:0,(anonymous_2)
DA:1,2
DA:15,2
DA:17,2
DA:27,30
DA:31,30
DA:32,0
DA:35,30
DA:48,2
LF:8
LH:7
BRDA:24,0,0,0
BRDA:25,1,0,0
BRDA:28,2,0,30
BRDA:28,2,1,0
BRF:4
BRH:1
end_of_record
TN:
SF:src/components/ShoppingCart.tsx
FN:12,(anonymous_0)
FN:18,(anonymous_1)
FN:21,(anonymous_2)
FN:27,(anonymous_3)
FN:32,(anonymous_4)
FN:40,(anonymous_5)
FN:47,(anonymous_6)
FN:107,(anonymous_7)
FN:147,(anonymous_8)
FN:157,(anonymous_9)
FN:168,(anonymous_10)
FN:190,(anonymous_11)
FNF:12
FNH:0
FNDA:0,(anonymous_0)
FNDA:0,(anonymous_1)
FNDA:0,(anonymous_2)
FNDA:0,(anonymous_3)
FNDA:0,(anonymous_4)
FNDA:0,(anonymous_5)
FNDA:0,(anonymous_6)
FNDA:0,(anonymous_7)
FNDA:0,(anonymous_8)
FNDA:0,(anonymous_9)
FNDA:0,(anonymous_10)
FNDA:0,(anonymous_11)
DA:2,0
DA:3,0
DA:4,0
DA:12,0
DA:16,0
DA:17,0
DA:18,0
DA:20,0
DA:21,0
DA:24,0
DA:25,0
DA:27,0
DA:28,0
DA:29,0
DA:32,0
DA:33,0
DA:34,0
DA:35,0
DA:37,0
DA:40,0
DA:41,0
DA:42,0
DA:43,0
DA:47,0
DA:48,0
DA:49,0
DA:50,0
DA:52,0
DA:55,0
DA:56,0
DA:76,0
DA:108,0
DA:148,0
DA:158,0
DA:169,0
DA:190,0
DA:279,0
LF:37
LH:0
BRDA:33,0,0,0
BRDA:41,1,0,0
BRDA:48,2,0,0
BRDA:55,3,0,0
BRDA:87,4,0,0
BRDA:87,4,1,0
BRDA:89,5,0,0
BRDA:89,5,1,0
BRDA:160,6,0,0
BRDA:160,6,1,0
BRF:10
BRH:0
end_of_record
TN:
SF:src/components/ToastContainer.tsx
FN:9,(anonymous_0)
FN:13,(anonymous_1)
FN:33,(anonymous_2)
FN:53,(anonymous_3)
FNF:4
FNH:0
FNDA:0,(anonymous_0)
FNDA:0,(anonymous_1)
FNDA:0,(anonymous_2)
FNDA:0,(anonymous_3)
DA:9,0
DA:13,0
DA:14,0
DA:16,0
DA:18,0
DA:20,0
DA:22,0
DA:24,0
DA:28,0
DA:34,0
DA:53,0
DA:63,0
LF:12
LH:0
BRDA:14,0,0,0
BRDA:14,0,1,0
BRDA:14,0,2,0
BRDA:14,0,3,0
BRDA:14,0,4,0
BRDA:51,1,0,0
BRDA:51,1,1,0
BRF:7
BRH:0
end_of_record
TN:
SF:src/contexts/AuthContext.tsx
FN:26,(anonymous_0)
FN:32,(anonymous_1)
FN:33,(anonymous_2)
FN:40,(anonymous_3)
FN:51,(anonymous_4)
FN:67,(anonymous_5)
FN:79,(anonymous_6)
FNF:7
FNH:3
FNDA:4,(anonymous_0)
FNDA:4,(anonymous_1)
FNDA:0,(anonymous_2)
FNDA:0,(anonymous_3)
FNDA:0,(anonymous_4)
FNDA:0,(anonymous_5)
FNDA:91,(anonymous_6)
DA:1,1
DA:3,1
DA:9,1
DA:10,1
DA:11,1
DA:22,1
DA:26,1
DA:29,4
DA:30,4
DA:32,4
DA:33,4
DA:34,0
DA:35,0
DA:37,4
DA:40,4
DA:41,0
DA:48,0
DA:51,4
DA:52,0
DA:59,0
DA:60,0
DA:62,0
DA:63,0
DA:67,4
DA:68,0
DA:71,4
DA:79,1
DA:80,91
DA:81,91
DA:82,0
DA:84,91
DA:87,1
LF:32
LH:21
BRDA:62,0,0,0
BRDA:81,1,0,0
BRF:2
BRH:0
end_of_record
TN:
SF:src/contexts/ToastContext.tsx
FN:21,(anonymous_0)
FN:26,(anonymous_1)
FN:27,(anonymous_2)
FN:27,(anonymous_3)
FN:31,(anonymous_4)
FN:40,(anonymous_5)
FN:42,(anonymous_6)
FN:61,(anonymous_7)
FNF:8
FNH:4
FNDA:35,(anonymous_0)
FNDA:0,(anonymous_1)
FNDA:0,(anonymous_2)
FNDA:0,(anonymous_3)
FNDA:14,(anonymous_4)
FNDA:14,(anonymous_5)
FNDA:0,(anonymous_6)
FNDA:121,(anonymous_7)
DA:1,3
DA:17,3
DA:21,3
DA:24,35
DA:26,35
DA:27,0
DA:30,35
DA:32,14
DA:33,14
DA:40,14
DA:42,14
DA:43,0
DA:49,35
DA:55,35
DA:61,3
DA:62,121
DA:63,121
DA:64,0
DA:66,121
DA:69,3
LF:20
LH:17
BRDA:31,0,0,0
BRDA:31,1,0,2
BRDA:63,2,0,0
BRF:3
BRH:1
end_of_record
TN:
SF:src/hooks/redux.ts
FN:5,(anonymous_0)
FNF:1
FNH:0
FNDA:0,(anonymous_0)
DA:1,0
DA:5,0
DA:6,0
LF:3
LH:0
BRF:0
BRH:0
end_of_record
TN:
SF:src/hooks/useProducts.ts
FN:6,useProducts
FN:11,(anonymous_1)
FN:12,(anonymous_2)
FN:16,(anonymous_3)
FN:33,useProductsByCategory
FN:38,(anonymous_5)
FN:44,(anonymous_6)
FN:52,(anonymous_7)
FNF:8
FNH:0
FNDA:0,useProducts
FNDA:0,(anonymous_1)
FNDA:0,(anonymous_2)
FNDA:0,(anonymous_3)
FNDA:0,useProductsByCategory
FNDA:0,(anonymous_5)
FNDA:0,(anonymous_6)
FNDA:0,(anonymous_7)
DA:1,0
DA:2,0
DA:3,0
DA:6,0
DA:7,0
DA:8,0
DA:9,0
DA:11,0
DA:12,0
DA:13,0
DA:14,0
DA:15,0
DA:16,0
DA:20,0
DA:22,0
DA:24,0
DA:27,0
DA:30,0
DA:33,0
DA:34,0
DA:35,0
DA:36,0
DA:38,0
DA:39,0
DA:40,0
DA:41,0
DA:42,0
DA:44,0
DA:45,0
DA:46,0
DA:47,0
DA:51,0
DA:52,0
DA:56,0
DA:58,0
DA:60,0
DA:63,0
DA:66,0
LF:38
LH:0
BRDA:39,0,0,0
BRF:1
BRH:0
end_of_record
TN:
SF:src/hooks/useRealTime.ts
FN:17,(anonymous_0)
FN:22,(anonymous_1)
FN:33,(anonymous_2)
FN:37,(anonymous_3)
FN:49,(anonymous_4)
FN:67,(anonymous_5)
FN:97,(anonymous_6)
FN:102,(anonymous_7)
FN:106,(anonymous_8)
FN:119,(anonymous_9)
FN:122,(anonymous_10)
FN:136,(anonymous_11)
FN:153,(anonymous_12)
FNF:13
FNH:0
FNDA:0,(anonymous_0)
FNDA:0,(anonymous_1)
FNDA:0,(anonymous_2)
FNDA:0,(anonymous_3)
FNDA:0,(anonymous_4)
FNDA:0,(anonymous_5)
FNDA:0,(anonymous_6)
FNDA:0,(anonymous_7)
FNDA:0,(anonymous_8)
FNDA:0,(anonymous_9)
FNDA:0,(anonymous_10)
FNDA:0,(anonymous_11)
FNDA:0,(anonymous_12)
DA:1,0
DA:2,0
DA:9,0
DA:17,0
DA:18,0
DA:19,0
DA:20,0
DA:22,0
DA:23,0
DA:24,0
DA:26,0
DA:28,0
DA:31,0
DA:34,0
DA:35,0
DA:37,0
DA:38,0
DA:44,0
DA:45,0
DA:46,0
DA:50,0
DA:51,0
DA:52,0
DA:55,0
DA:60,0
DA:61,0
DA:67,0
DA:68,0
DA:69,0
DA:70,0
DA:75,0
DA:97,0
DA:98,0
DA:99,0
DA:100,0
DA:102,0
DA:103,0
DA:104,0
DA:106,0
DA:107,0
DA:108,0
DA:109,0
DA:110,0
DA:113,0
DA:114,0
DA:115,0
DA:117,0
DA:120,0
DA:121,0
DA:122,0
DA:123,0
DA:124,0
DA:125,0
DA:129,0
DA:130,0
DA:132,0
DA:133,0
DA:137,0
DA:138,0
DA:139,0
DA:140,0
DA:145,0
DA:146,0
DA:151,0
DA:153,0
DA:154,0
DA:155,0
DA:156,0
DA:161,0
LF:69
LH:0
BRDA:34,0,0,0
BRDA:50,1,0,0
BRDA:60,2,0,0
BRDA:69,3,0,0
BRDA:107,4,0,0
BRDA:120,5,0,0
BRDA:123,6,0,0
BRDA:129,7,0,0
BRDA:137,8,0,0
BRDA:145,9,0,0
BRDA:155,10,0,0
BRF:11
BRH:0
end_of_record
TN:
SF:src/pages/AuthPages.tsx
FN:4,(anonymous_9)
FN:4,(anonymous_10)
FN:5,(anonymous_11)
FN:5,(anonymous_12)
FN:7,(anonymous_13)
FN:15,LoginPage
FN:20,(anonymous_15)
FN:25,RegisterPage
FN:30,(anonymous_17)
FNF:9
FNH:0
FNDA:0,(anonymous_9)
FNDA:0,(anonymous_10)
FNDA:0,(anonymous_11)
FNDA:0,(anonymous_12)
FNDA:0,(anonymous_13)
FNDA:0,LoginPage
FNDA:0,(anonymous_15)
FNDA:0,RegisterPage
FNDA:0,(anonymous_17)
DA:1,0
DA:2,0
DA:4,0
DA:5,0
DA:7,0
DA:8,0
DA:15,0
DA:16,0
DA:18,0
DA:20,0
DA:25,0
DA:26,0
DA:28,0
DA:30,0
LF:14
LH:0
BRF:0
BRH:0
end_of_record
TN:
SF:src/pages/CartPage.tsx
FN:4,CartPage
FN:9,(anonymous_2)
FN:10,(anonymous_3)
FNF:3
FNH:0
FNDA:0,CartPage
FNDA:0,(anonymous_2)
FNDA:0,(anonymous_3)
DA:1,0
DA:2,0
DA:4,0
DA:5,0
DA:7,0
DA:9,0
DA:10,0
LF:7
LH:0
BRF:0
BRH:0
end_of_record
TN:
SF:src/pages/CheckoutPage.tsx
FN:4,CheckoutPage
FN:9,(anonymous_2)
FN:10,(anonymous_3)
FNF:3
FNH:0
FNDA:0,CheckoutPage
FNDA:0,(anonymous_2)
FNDA:0,(anonymous_3)
DA:1,0
DA:2,0
DA:4,0
DA:5,0
DA:7,0
DA:9,0
DA:10,0
LF:7
LH:0
BRF:0
BRH:0
end_of_record
TN:
SF:src/pages/CheckoutSuccessPage.tsx
FN:4,CheckoutSuccessPage
FN:7,(anonymous_2)
FNF:2
FNH:0
FNDA:0,CheckoutSuccessPage
FNDA:0,(anonymous_2)
DA:1,0
DA:2,0
DA:4,0
DA:5,0
DA:7,0
LF:5
LH:0
BRF:0
BRH:0
end_of_record
TN:
SF:src/pages/HomePage.tsx
FN:3,HomePage
FNF:1
FNH:0
FNDA:0,HomePage
DA:1,0
DA:3,0
DA:4,0
LF:3
LH:0
BRF:0
BRH:0
end_of_record
TN:
SF:src/pages/NotFound.tsx
FN:3,NotFoundPage
FN:10,(anonymous_1)
FNF:2
FNH:0
FNDA:0,NotFoundPage
FNDA:0,(anonymous_1)
DA:1,0
DA:3,0
DA:4,0
DA:6,0
DA:10,0
LF:5
LH:0
BRF:0
BRH:0
end_of_record
TN:
SF:src/pages/ProductsPage.tsx
FN:3,ProductsPage
FNF:1
FNH:0
FNDA:0,ProductsPage
DA:1,0
DA:3,0
DA:4,0
LF:3
LH:0
BRF:0
BRH:0
end_of_record
TN:
SF:src/pages/ProfilePage.tsx
FN:4,ProfilePage
FN:7,(anonymous_2)
FNF:2
FNH:0
FNDA:0,ProfilePage
FNDA:0,(anonymous_2)
DA:1,0
DA:2,0
DA:4,0
DA:5,0
DA:7,0
LF:5
LH:0
BRF:0
BRH:0
end_of_record
TN:
SF:src/store/cartSlice.ts
FN:10,(anonymous_0)
FN:31,(anonymous_1)
FN:33,(anonymous_2)
FN:46,(anonymous_3)
FN:51,(anonymous_4)
FN:53,(anonymous_5)
FN:57,(anonymous_6)
FN:62,(anonymous_7)
FN:67,(anonymous_8)
FN:73,(anonymous_9)
FN:81,(anonymous_10)
FN:86,(anonymous_11)
FNF:12
FNH:4
FNDA:3,(anonymous_0)
FNDA:12,(anonymous_1)
FNDA:6,(anonymous_2)
FNDA:14,(anonymous_3)
FNDA:0,(anonymous_4)
FNDA:0,(anonymous_5)
FNDA:0,(anonymous_6)
FNDA:0,(anonymous_7)
FNDA:0,(anonymous_8)
FNDA:0,(anonymous_9)
FNDA:0,(anonymous_10)
FNDA:0,(anonymous_11)
DA:1,3
DA:10,3
DA:11,3
DA:12,3
DA:13,3
DA:14,0
DA:17,0
DA:19,3
DA:25,3
DA:27,3
DA:32,12
DA:33,6
DA:36,12
DA:37,4
DA:39,8
DA:45,12
DA:46,14
DA:52,0
DA:53,0
DA:56,0
DA:57,0
DA:66,0
DA:67,0
DA:70,0
DA:71,0
DA:72,0
DA:73,0
DA:76,0
DA:80,0
DA:81,0
DA:87,0
DA:88,0
DA:93,3
DA:95,3
LF:34
LH:17
BRDA:13,0,0,0
BRDA:36,1,0,4
BRDA:36,1,1,8
BRDA:70,2,0,0
BRDA:71,3,0,0
BRDA:71,3,1,0
BRF:6
BRH:2
end_of_record
TN:
SF:src/store/index.ts
FN:5,createAppStore
FN:14,(anonymous_2)
FNF:2
FNH:2
FNDA:8,createAppStore
FNDA:12,(anonymous_2)
DA:1,3
DA:2,3
DA:5,3
DA:6,8
DA:14,8
DA:15,12
DA:16,12
DA:19,8
DA:23,3
LF:9
LH:9
BRDA:5,0,0,8
BRF:1
BRH:1
end_of_record
TN:
SF:src/utils/adminHelpers.ts
FN:30,(anonymous_0)
FN:51,(anonymous_1)
FN:73,(anonymous_2)
FN:102,(anonymous_3)
FN:131,(anonymous_4)
FN:168,(anonymous_5)
FN:182,(anonymous_6)
FN:198,(anonymous_7)
FNF:8
FNH:0
FNDA:0,(anonymous_0)
FNDA:0,(anonymous_1)
FNDA:0,(anonymous_2)
FNDA:0,(anonymous_3)
FNDA:0,(anonymous_4)
FNDA:0,(anonymous_5)
FNDA:0,(anonymous_6)
FNDA:0,(anonymous_7)
DA:1,1
DA:12,1
DA:30,1
DA:31,0
DA:32,0
DA:33,0
DA:35,0
DA:36,0
DA:37,0
DA:39,0
DA:41,0
DA:42,0
DA:51,1
DA:54,0
DA:55,0
DA:56,0
DA:58,0
DA:59,0
DA:61,0
DA:63,0
DA:64,0
DA:73,1
DA:77,0
DA:79,0
DA:80,0
DA:81,0
DA:84,0
DA:85,0
DA:90,0
DA:92,0
DA:93,0
DA:102,1
DA:106,0
DA:108,0
DA:109,0
DA:110,0
DA:113,0
DA:114,0
DA:119,0
DA:121,0
DA:122,0
DA:131,1
DA:135,0
DA:136,0
DA:137,0
DA:139,0
DA:141,0
DA:150,0
DA:151,0
DA:152,0
DA:159,0
DA:160,0
DA:168,1
DA:171,0
DA:173,0
DA:174,0
DA:175,0
DA:178,0
DA:179,0
DA:181,0
DA:182,0
DA:183,0
DA:186,0
DA:188,0
DA:189,0
DA:198,1
DA:199,0
DA:201,0
DA:202,0
DA:207,0
DA:209,0
DA:210,0
LF:72
LH:9
BRDA:35,0,0,0
BRDA:58,1,0,0
BRDA:80,2,0,0
BRDA:109,3,0,0
BRDA:139,4,0,0
BRDA:139,4,1,0
BRDA:151,5,0,0
BRDA:174,6,0,0
BRF:8
BRH:0
end_of_record
TN:
SF:src/utils/renderStars.tsx
FN:8,(anonymous_0)
FN:9,(anonymous_1)
FNF:2
FNH:2
FNDA:58,(anonymous_0)
FNDA:290,(anonymous_1)
DA:8,2
DA:9,58
DA:10,290
LF:3
LH:3
BRDA:13,0,0,234
BRDA:13,0,1,56
BRDA:16,1,0,234
BRDA:16,1,1,56
BRF:4
BRH:4
end_of_record
TN:
SF:src/utils/userHelpers.ts
FN:30,(anonymous_0)
FN:44,(anonymous_1)
FN:61,(anonymous_2)
FN:95,(anonymous_3)
FN:111,(anonymous_4)
FNF:5
FNH:0
FNDA:0,(anonymous_0)
FNDA:0,(anonymous_1)
FNDA:0,(anonymous_2)
FNDA:0,(anonymous_3)
FNDA:0,(anonymous_4)
DA:1,0
DA:13,0
DA:14,0
DA:30,0
DA:34,0
DA:35,0
DA:44,0
DA:47,0
DA:48,0
DA:49,0
DA:51,0
DA:52,0
DA:54,0
DA:56,0
DA:57,0
DA:61,0
DA:65,0
DA:66,0
DA:69,0
DA:71,0
DA:73,0
DA:74,0
DA:82,0
DA:88,0
DA:90,0
DA:91,0
DA:95,0
DA:99,0
DA:101,0
DA:102,0
DA:103,0
DA:106,0
DA:110,0
DA:111,0
DA:112,0
DA:114,0
DA:115,0
DA:118,0
DA:119,0
DA:120,0
DA:121,0
DA:124,0
DA:125,0
DA:126,0
DA:130,0
DA:134,0
DA:136,0
DA:137,0
LF:48
LH:0
BRDA:51,0,0,0
BRDA:71,1,0,0
BRDA:71,1,1,0
BRDA:118,2,0,0
BRDA:125,3,0,0
BRF:5
BRH:0
end_of_record
